[Governor AI] Initializing core modules...
[Governor AI] Wallet loaded: rpHLgNmn1GfgnGKrhREUCsMRaRWAnS5Q49
[Governor AI] Initialization complete.
[Governor AI] Running background loop at 2025-11-03T16:04:10.356171+00:00
[Governor AI] Flask server starting on port 5050...
 * Serving Flask app 'governor'
 * Debug mode: off
[31m[1mWARNING: This is a development server. Do not use it in a production deployment. Use a production WSGI server instead.[0m
 * Running on all addresses (0.0.0.0)
 * Running on http://127.0.0.1:5050
 * Running on http://192.168.1.91:5050
[33mPress CTRL+C to quit[0m
[ReceiptHandler] AI strategy heartbeat at 2025-11-03T16:04:10.356299+00:00 for wallet rpHLgNmn1GfgnGKrhREUCsMRaRWAnS5Q49 | Balance: 100.000000 XRP
[Governor AI] Running background loop at 2025-11-03T16:04:20.810812+00:00
[ReceiptHandler] AI strategy heartbeat at 2025-11-03T16:04:20.810970+00:00 for wallet rpHLgNmn1GfgnGKrhREUCsMRaRWAnS5Q49 | Balance: 100.000000 XRP
[Governor AI] Running background loop at 2025-11-03T16:04:31.228370+00:00
[ReceiptHandler] AI strategy heartbeat at 2025-11-03T16:04:31.228515+00:00 for wallet rpHLgNmn1GfgnGKrhREUCsMRaRWAnS5Q49 | Balance: 100.000000 XRP
[Governor AI] Running background loop at 2025-11-03T16:04:41.556314+00:00
[ReceiptHandler] AI strategy heartbeat at 2025-11-03T16:04:41.556380+00:00 for wallet rpHLgNmn1GfgnGKrhREUCsMRaRWAnS5Q49 | Balance: 100.000000 XRP
[Governor AI] Running background loop at 2025-11-03T16:04:51.957497+00:00
[ReceiptHandler] AI strategy heartbeat at 2025-11-03T16:04:51.957760+00:00 for wallet rpHLgNmn1GfgnGKrhREUCsMRaRWAnS5Q49 | Balance: 100.000000 XRP
[Governor AI] Running background loop at 2025-11-03T16:05:02.397181+00:00
[ReceiptHandler] AI strategy heartbeat at 2025-11-03T16:05:02.397325+00:00 for wallet rpHLgNmn1GfgnGKrhREUCsMRaRWAnS5Q49 | Balance: 100.000000 XRP
[Governor AI] Running background loop at 2025-11-03T16:05:12.830053+00:00
[ReceiptHandler] AI strategy heartbeat at 2025-11-03T16:05:12.830211+00:00 for wallet rpHLgNmn1GfgnGKrhREUCsMRaRWAnS5Q49 | Balance: 100.000000 XRP
[Governor AI] Running background loop at 2025-11-03T16:05:23.337072+00:00
[ReceiptHandler] AI strategy heartbeat at 2025-11-03T16:05:23.337217+00:00 for wallet rpHLgNmn1GfgnGKrhREUCsMRaRWAnS5Q49 | Balance: 100.000000 XRP
[Governor AI] Running background loop at 2025-11-03T16:05:33.815003+00:00
[ReceiptHandler] AI strategy heartbeat at 2025-11-03T16:05:33.815131+00:00 for wallet rpHLgNmn1GfgnGKrhREUCsMRaRWAnS5Q49 | Balance: 100.000000 XRP
[Governor AI] Running background loop at 2025-11-03T16:05:44.149301+00:00
[ReceiptHandler] AI strategy heartbeat at 2025-11-03T16:05:44.149364+00:00 for wallet rpHLgNmn1GfgnGKrhREUCsMRaRWAnS5Q49 | Balance: 100.000000 XRP
[Governor AI] Running background loop at 2025-11-03T16:05:54.828063+00:00
[ReceiptHandler] AI strategy heartbeat at 2025-11-03T16:05:54.828115+00:00 for wallet rpHLgNmn1GfgnGKrhREUCsMRaRWAnS5Q49 | Balance: 100.000000 XRP
[Governor AI] Running background loop at 2025-11-03T16:06:05.149147+00:00
[ReceiptHandler] AI strategy heartbeat at 2025-11-03T16:06:05.149297+00:00 for wallet rpHLgNmn1GfgnGKrhREUCsMRaRWAnS5Q49 | Balance: 100.000000 XRP
[Governor AI] Running background loop at 2025-11-03T16:06:15.530859+00:00
[ReceiptHandler] AI strategy heartbeat at 2025-11-03T16:06:15.531001+00:00 for wallet rpHLgNmn1GfgnGKrhREUCsMRaRWAnS5Q49 | Balance: 100.000000 XRP
[Governor AI] Running background loop at 2025-11-03T16:06:25.943602+00:00
[ReceiptHandler] AI strategy heartbeat at 2025-11-03T16:06:25.943658+00:00 for wallet rpHLgNmn1GfgnGKrhREUCsMRaRWAnS5Q49 | Balance: 100.000000 XRP
[Governor AI] Running background loop at 2025-11-03T16:06:36.257627+00:00
[ReceiptHandler] AI strategy heartbeat at 2025-11-03T16:06:36.257717+00:00 for wallet rpHLgNmn1GfgnGKrhREUCsMRaRWAnS5Q49 | Balance: 100.000000 XRP
[Governor AI] Running background loop at 2025-11-03T16:06:46.627448+00:00
[ReceiptHandler] AI strategy heartbeat at 2025-11-03T16:06:46.627647+00:00 for wallet rpHLgNmn1GfgnGKrhREUCsMRaRWAnS5Q49 | Balance: 100.000000 XRP
[Governor AI] Running background loop at 2025-11-03T16:06:57.178290+00:00
[ReceiptHandler] AI strategy heartbeat at 2025-11-03T16:06:57.178404+00:00 for wallet rpHLgNmn1GfgnGKrhREUCsMRaRWAnS5Q49 | Balance: 100.000000 XRP
[Governor AI] Running background loop at 2025-11-03T16:07:07.525168+00:00
[ReceiptHandler] AI strategy heartbeat at 2025-11-03T16:07:07.525313+00:00 for wallet rpHLgNmn1GfgnGKrhREUCsMRaRWAnS5Q49 | Balance: 100.000000 XRP
[Governor AI] Running background loop at 2025-11-03T16:07:17.884382+00:00
[ReceiptHandler] AI strategy heartbeat at 2025-11-03T16:07:17.884486+00:00 for wallet rpHLgNmn1GfgnGKrhREUCsMRaRWAnS5Q49 | Balance: 100.000000 XRP
[Governor AI] Running background loop at 2025-11-03T16:07:28.420353+00:00
[ReceiptHandler] AI strategy heartbeat at 2025-11-03T16:07:28.420421+00:00 for wallet rpHLgNmn1GfgnGKrhREUCsMRaRWAnS5Q49 | Balance: 100.000000 XRP
[Governor AI] Running background loop at 2025-11-03T16:07:38.783156+00:00
[ReceiptHandler] AI strategy heartbeat at 2025-11-03T16:07:38.783236+00:00 for wallet rpHLgNmn1GfgnGKrhREUCsMRaRWAnS5Q49 | Balance: 100.000000 XRP
[Governor AI] Running background loop at 2025-11-03T16:07:49.261474+00:00
[ReceiptHandler] AI strategy heartbeat at 2025-11-03T16:07:49.261570+00:00 for wallet rpHLgNmn1GfgnGKrhREUCsMRaRWAnS5Q49 | Balance: 100.000000 XRP
[Governor AI] Running background loop at 2025-11-03T16:07:59.691455+00:00
[ReceiptHandler] AI strategy heartbeat at 2025-11-03T16:07:59.691586+00:00 for wallet rpHLgNmn1GfgnGKrhREUCsMRaRWAnS5Q49 | Balance: 100.000000 XRP
[Governor AI] Running background loop at 2025-11-03T16:08:10.079140+00:00
[ReceiptHandler] AI strategy heartbeat at 2025-11-03T16:08:10.079254+00:00 for wallet rpHLgNmn1GfgnGKrhREUCsMRaRWAnS5Q49 | Balance: 100.000000 XRP
[Governor AI] Running background loop at 2025-11-03T16:08:20.488720+00:00
[ReceiptHandler] AI strategy heartbeat at 2025-11-03T16:08:20.488845+00:00 for wallet rpHLgNmn1GfgnGKrhREUCsMRaRWAnS5Q49 | Balance: 100.000000 XRP
[Governor AI] Running background loop at 2025-11-03T16:08:31.290252+00:00
[ReceiptHandler] AI strategy heartbeat at 2025-11-03T16:08:31.290374+00:00 for wallet rpHLgNmn1GfgnGKrhREUCsMRaRWAnS5Q49 | Balance: 100.000000 XRP
[Governor AI] Running background loop at 2025-11-03T16:08:41.658292+00:00
[ReceiptHandler] AI strategy heartbeat at 2025-11-03T16:08:41.658872+00:00 for wallet rpHLgNmn1GfgnGKrhREUCsMRaRWAnS5Q49 | Balance: 100.000000 XRP
[Governor AI] Running background loop at 2025-11-03T16:08:52.061120+00:00
[ReceiptHandler] AI strategy heartbeat at 2025-11-03T16:08:52.061246+00:00 for wallet rpHLgNmn1GfgnGKrhREUCsMRaRWAnS5Q49 | Balance: 100.000000 XRP
[Governor AI] Running background loop at 2025-11-03T16:09:02.726607+00:00
[ReceiptHandler] AI strategy heartbeat at 2025-11-03T16:09:02.726703+00:00 for wallet rpHLgNmn1GfgnGKrhREUCsMRaRWAnS5Q49 | Balance: 100.000000 XRP
[Governor AI] Running background loop at 2025-11-03T16:09:13.153856+00:00
[ReceiptHandler] AI strategy heartbeat at 2025-11-03T16:09:13.153957+00:00 for wallet rpHLgNmn1GfgnGKrhREUCsMRaRWAnS5Q49 | Balance: 100.000000 XRP
[Governor AI] Running background loop at 2025-11-03T16:09:23.693442+00:00
[ReceiptHandler] AI strategy heartbeat at 2025-11-03T16:09:23.693593+00:00 for wallet rpHLgNmn1GfgnGKrhREUCsMRaRWAnS5Q49 | Balance: 100.000000 XRP
[Governor AI] Running background loop at 2025-11-03T16:09:34.482927+00:00
[ReceiptHandler] AI strategy heartbeat at 2025-11-03T16:09:34.483066+00:00 for wallet rpHLgNmn1GfgnGKrhREUCsMRaRWAnS5Q49 | Balance: 100.000000 XRP
[Governor AI] Running background loop at 2025-11-03T16:09:44.887354+00:00
[ReceiptHandler] AI strategy heartbeat at 2025-11-03T16:09:44.887498+00:00 for wallet rpHLgNmn1GfgnGKrhREUCsMRaRWAnS5Q49 | Balance: 100.000000 XRP
[Governor AI] Running background loop at 2025-11-03T16:09:55.301414+00:00
[ReceiptHandler] AI strategy heartbeat at 2025-11-03T16:09:55.301469+00:00 for wallet rpHLgNmn1GfgnGKrhREUCsMRaRWAnS5Q49 | Balance: 100.000000 XRP
[Governor AI] Running background loop at 2025-11-03T16:10:06.093290+00:00
[ReceiptHandler] AI strategy heartbeat at 2025-11-03T16:10:06.093536+00:00 for wallet rpHLgNmn1GfgnGKrhREUCsMRaRWAnS5Q49 | Balance: 100.000000 XRP
[Governor AI] Running background loop at 2025-11-03T16:10:16.510853+00:00
[ReceiptHandler] AI strategy heartbeat at 2025-11-03T16:10:16.510993+00:00 for wallet rpHLgNmn1GfgnGKrhREUCsMRaRWAnS5Q49 | Balance: 100.000000 XRP
[Governor AI] Running background loop at 2025-11-03T16:10:26.854513+00:00
[ReceiptHandler] AI strategy heartbeat at 2025-11-03T16:10:26.854649+00:00 for wallet rpHLgNmn1GfgnGKrhREUCsMRaRWAnS5Q49 | Balance: 100.000000 XRP
[Governor AI] Running background loop at 2025-11-03T16:10:37.510402+00:00
[ReceiptHandler] AI strategy heartbeat at 2025-11-03T16:10:37.510451+00:00 for wallet rpHLgNmn1GfgnGKrhREUCsMRaRWAnS5Q49 | Balance: 100.000000 XRP127.0.0.1 - - [03/Nov/2025 10:14:06] "GET /health HTTP/1.1" 200 -
127.0.0.1 - - [03/Nov/2025 10:15:06] "GET /health HTTP/1.1" 200 -
127.0.0.1 - - [03/Nov/2025 10:16:06] "GET /health HTTP/1.1" 200 -
127.0.0.1 - - [03/Nov/2025 10:17:06] "GET /health HTTP/1.1" 200 -

[Governor AI] Running background loop at 2025-11-03T16:10:47.879955+00:00
[ReceiptHandler] AI strategy heartbeat at 2025-11-03T16:10:47.880268+00:00 for wallet rpHLgNmn1GfgnGKrhREUCsMRaRWAnS5Q49 | Balance: 100.000000 XRP
[Governor AI] Running background loop at 2025-11-03T16:10:58.247704+00:00
[ReceiptHandler] AI strategy heartbeat at 2025-11-03T16:10:58.247817+00:00 for wallet rpHLgNmn1GfgnGKrhREUCsMRaRWAnS5Q49 | Balance: 100.000000 XRP
[Governor AI] Running background loop at 2025-11-03T16:11:08.659363+00:00
[ReceiptHandler] AI strategy heartbeat at 2025-11-03T16:11:08.659466+00:00 for wallet rpHLgNmn1GfgnGKrhREUCsMRaRWAnS5Q49 | Balance: 100.000000 XRP
[Governor AI] Running background loop at 2025-11-03T16:11:19.106570+00:00
[ReceiptHandler] AI strategy heartbeat at 2025-11-03T16:11:19.106975+00:00 for wallet rpHLgNmn1GfgnGKrhREUCsMRaRWAnS5Q49 | Balance: 100.000000 XRP
[Governor AI] Running background loop at 2025-11-03T16:11:29.530281+00:00
[ReceiptHandler] AI strategy heartbeat at 2025-11-03T16:11:29.530420+00:00 for wallet rpHLgNmn1GfgnGKrhREUCsMRaRWAnS5Q49 | Balance: 100.000000 XRP
[Governor AI] Running background loop at 2025-11-03T16:11:40.394459+00:00
[ReceiptHandler] AI strategy heartbeat at 2025-11-03T16:11:40.394722+00:00 for wallet rpHLgNmn1GfgnGKrhREUCsMRaRWAnS5Q49 | Balance: 100.000000 XRP
[Governor AI] Running background loop at 2025-11-03T16:11:50.773076+00:00
[ReceiptHandler] AI strategy heartbeat at 2025-11-03T16:11:50.773141+00:00 for wallet rpHLgNmn1GfgnGKrhREUCsMRaRWAnS5Q49 | Balance: 100.000000 XRP
[Governor AI] Running background loop at 2025-11-03T16:12:01.187875+00:00
[ReceiptHandler] AI strategy heartbeat at 2025-11-03T16:12:01.188132+00:00 for wallet rpHLgNmn1GfgnGKrhREUCsMRaRWAnS5Q49 | Balance: 100.000000 XRP
[Governor AI] Running background loop at 2025-11-03T16:12:11.852298+00:00
[ReceiptHandler] AI strategy heartbeat at 2025-11-03T16:12:11.852567+00:00 for wallet rpHLgNmn1GfgnGKrhREUCsMRaRWAnS5Q49 | Balance: 100.000000 XRP
[Governor AI] Running background loop at 2025-11-03T16:12:22.227662+00:00
[ReceiptHandler] AI strategy heartbeat at 2025-11-03T16:12:22.227799+00:00 for wallet rpHLgNmn1GfgnGKrhREUCsMRaRWAnS5Q49 | Balance: 100.000000 XRP
[Governor AI] Running background loop at 2025-11-03T16:12:32.609761+00:00
[ReceiptHandler] AI strategy heartbeat at 2025-11-03T16:12:32.609829+00:00 for wallet rpHLgNmn1GfgnGKrhREUCsMRaRWAnS5Q49 | Balance: 100.000000 XRP
[Governor AI] Running background loop at 2025-11-03T16:12:43.143257+00:00
[ReceiptHandler] AI strategy heartbeat at 2025-11-03T16:12:43.143382+00:00 for wallet rpHLgNmn1GfgnGKrhREUCsMRaRWAnS5Q49 | Balance: 100.000000 XRP
[Governor AI] Running background loop at 2025-11-03T16:12:53.502762+00:00
[ReceiptHandler] AI strategy heartbeat at 2025-11-03T16:12:53.502885+00:00 for wallet rpHLgNmn1GfgnGKrhREUCsMRaRWAnS5Q49 | Balance: 100.000000 XRP
[Governor AI] Running background loop at 2025-11-03T16:13:03.870499+00:00
[ReceiptHandler] AI strategy heartbeat at 2025-11-03T16:13:03.870555+00:00 for wallet rpHLgNmn1GfgnGKrhREUCsMRaRWAnS5Q49 | Balance: 100.000000 XRP
[Governor AI] Running background loop at 2025-11-03T16:13:14.270205+00:00
[ReceiptHandler] AI strategy heartbeat at 2025-11-03T16:13:14.270400+00:00 for wallet rpHLgNmn1GfgnGKrhREUCsMRaRWAnS5Q49 | Balance: 100.000000 XRP
[Governor AI] Running background loop at 2025-11-03T16:13:24.705279+00:00
[ReceiptHandler] AI strategy heartbeat at 2025-11-03T16:13:24.705415+00:00 for wallet rpHLgNmn1GfgnGKrhREUCsMRaRWAnS5Q49 | Balance: 100.000000 XRP
[Governor AI] Running background loop at 2025-11-03T16:13:35.099391+00:00
[ReceiptHandler] AI strategy heartbeat at 2025-11-03T16:13:35.099534+00:00 for wallet rpHLgNmn1GfgnGKrhREUCsMRaRWAnS5Q49 | Balance: 100.000000 XRP
[Governor AI] Running background loop at 2025-11-03T16:13:48.793704+00:00
[ReceiptHandler] AI strategy heartbeat at 2025-11-03T16:13:48.793846+00:00 for wallet rpHLgNmn1GfgnGKrhREUCsMRaRWAnS5Q49 | Balance: 100.000000 XRP
[Governor AI] Running background loop at 2025-11-03T16:13:59.233651+00:00
[ReceiptHandler] AI strategy heartbeat at 2025-11-03T16:13:59.233795+00:00 for wallet rpHLgNmn1GfgnGKrhREUCsMRaRWAnS5Q49 | Balance: 100.000000 XRP
[Governor AI] Running background loop at 2025-11-03T16:14:09.584161+00:00
[ReceiptHandler] AI strategy heartbeat at 2025-11-03T16:14:09.584298+00:00 for wallet rpHLgNmn1GfgnGKrhREUCsMRaRWAnS5Q49 | Balance: 100.000000 XRP
[Governor AI] Running background loop at 2025-11-03T16:14:19.984438+00:00
[ReceiptHandler] AI strategy heartbeat at 2025-11-03T16:14:19.984576+00:00 for wallet rpHLgNmn1GfgnGKrhREUCsMRaRWAnS5Q49 | Balance: 100.000000 XRP
[Governor AI] Running background loop at 2025-11-03T16:14:30.366948+00:00
[ReceiptHandler] AI strategy heartbeat at 2025-11-03T16:14:30.367086+00:00 for wallet rpHLgNmn1GfgnGKrhREUCsMRaRWAnS5Q49 | Balance: 100.000000 XRP
[Governor AI] Running background loop at 2025-11-03T16:14:40.738282+00:00
[ReceiptHandler] AI strategy heartbeat at 2025-11-03T16:14:40.738389+00:00 for wallet rpHLgNmn1GfgnGKrhREUCsMRaRWAnS5Q49 | Balance: 100.000000 XRP
[Governor AI] Running background loop at 2025-11-03T16:14:51.192263+00:00
[ReceiptHandler] AI strategy heartbeat at 2025-11-03T16:14:51.192487+00:00 for wallet rpHLgNmn1GfgnGKrhREUCsMRaRWAnS5Q49 | Balance: 100.000000 XRP
[Governor AI] Running background loop at 2025-11-03T16:15:01.626722+00:00
[ReceiptHandler] AI strategy heartbeat at 2025-11-03T16:15:01.626787+00:00 for wallet rpHLgNmn1GfgnGKrhREUCsMRaRWAnS5Q49 | Balance: 100.000000 XRP
[Governor AI] Running background loop at 2025-11-03T16:15:12.032802+00:00
[ReceiptHandler] AI strategy heartbeat at 2025-11-03T16:15:12.032937+00:00 for wallet rpHLgNmn1GfgnGKrhREUCsMRaRWAnS5Q49 | Balance: 100.000000 XRP
[Governor AI] Running background loop at 2025-11-03T16:15:22.443728+00:00
[ReceiptHandler] AI strategy heartbeat at 2025-11-03T16:15:22.443808+00:00 for wallet rpHLgNmn1GfgnGKrhREUCsMRaRWAnS5Q49 | Balance: 100.000000 XRP
[Governor AI] Running background loop at 2025-11-03T16:15:32.792128+00:00
[ReceiptHandler] AI strategy heartbeat at 2025-11-03T16:15:32.792255+00:00 for wallet rpHLgNmn1GfgnGKrhREUCsMRaRWAnS5Q49 | Balance: 100.000000 XRP
[Governor AI] Running background loop at 2025-11-03T16:15:43.165566+00:00
[ReceiptHandler] AI strategy heartbeat at 2025-11-03T16:15:43.165625+00:00 for wallet rpHLgNmn1GfgnGKrhREUCsMRaRWAnS5Q49 | Balance: 100.000000 XRP
[Governor AI] Running background loop at 2025-11-03T16:15:53.948737+00:00
[ReceiptHandler] AI strategy heartbeat at 2025-11-03T16:15:53.948881+00:00 for wallet rpHLgNmn1GfgnGKrhREUCsMRaRWAnS5Q49 | Balance: 100.000000 XRP
[Governor AI] Running background loop at 2025-11-03T16:16:04.377309+00:00
[ReceiptHandler] AI strategy heartbeat at 2025-11-03T16:16:04.377374+00:00 for wallet rpHLgNmn1GfgnGKrhREUCsMRaRWAnS5Q49 | Balance: 100.000000 XRP
[Governor AI] Running background loop at 2025-11-03T16:16:14.707977+00:00
[ReceiptHandler] AI strategy heartbeat at 2025-11-03T16:16:14.708233+00:00 for wallet rpHLgNmn1GfgnGKrhREUCsMRaRWAnS5Q49 | Balance: 100.000000 XRP
[Governor AI] Running background loop at 2025-11-03T16:16:25.414058+00:00
[ReceiptHandler] AI strategy heartbeat at 2025-11-03T16:16:25.414161+00:00 for wallet rpHLgNmn1GfgnGKrhREUCsMRaRWAnS5Q49 | Balance: 100.000000 XRP
[Governor AI] Running background loop at 2025-11-03T16:16:35.730403+00:00
[ReceiptHandler] AI strategy heartbeat at 2025-11-03T16:16:35.730543+00:00 for wallet rpHLgNmn1GfgnGKrhREUCsMRaRWAnS5Q49 | Balance: 100.000000 XRP
[Governor AI] Running background loop at 2025-11-03T16:16:46.176338+00:00
[ReceiptHandler] AI strategy heartbeat at 2025-11-03T16:16:46.176479+00:00 for wallet rpHLgNmn1GfgnGKrhREUCsMRaRWAnS5Q49 | Balance: 100.000000 XRP
[Governor AI] Running background loop at 2025-11-03T16:16:57.027880+00:00
[ReceiptHandler] AI strategy heartbeat at 2025-11-03T16:16:57.028098+00:00 for wallet rpHLgNmn1GfgnGKrhREUCsMRaRWAnS5Q49 | Balance: 100.000000 XRP
[Governor AI] Running background loop at 2025-11-03T16:17:07.478875+00:00
[ReceiptHandler] AI strategy heartbeat at 2025-11-03T16:17:07.479012+00:00 for wallet rpHLgNmn1GfgnGKrhREUCsMRaRWAnS5Q49 | Balance: 100.000000 XRP
[Governor AI] Running background loop at 2025-11-03T16:17:17.915256+00:00127.0.0.1 - - [03/Nov/2025 10:18:06] "GET /health HTTP/1.1" 200 -
127.0.0.1 - - [03/Nov/2025 10:19:06] "GET /health HTTP/1.1" 200 -
127.0.0.1 - - [03/Nov/2025 10:20:06] "GET /health HTTP/1.1" 200 -
127.0.0.1 - - [03/Nov/2025 10:21:07] "GET /health HTTP/1.1" 200 -
127.0.0.1 - - [03/Nov/2025 10:22:07] "GET /health HTTP/1.1" 200 -
127.0.0.1 - - [03/Nov/2025 10:23:07] "GET /health HTTP/1.1" 200 -

[ReceiptHandler] AI strategy heartbeat at 2025-11-03T16:17:17.915672+00:00 for wallet rpHLgNmn1GfgnGKrhREUCsMRaRWAnS5Q49 | Balance: 100.000000 XRP
[Governor AI] Running background loop at 2025-11-03T16:17:28.684981+00:00
[ReceiptHandler] AI strategy heartbeat at 2025-11-03T16:17:28.685125+00:00 for wallet rpHLgNmn1GfgnGKrhREUCsMRaRWAnS5Q49 | Balance: 100.000000 XRP
[Governor AI] Running background loop at 2025-11-03T16:17:39.045548+00:00
[ReceiptHandler] AI strategy heartbeat at 2025-11-03T16:17:39.045614+00:00 for wallet rpHLgNmn1GfgnGKrhREUCsMRaRWAnS5Q49 | Balance: 100.000000 XRP
[Governor AI] Running background loop at 2025-11-03T16:17:49.557011+00:00
[ReceiptHandler] AI strategy heartbeat at 2025-11-03T16:17:49.557128+00:00 for wallet rpHLgNmn1GfgnGKrhREUCsMRaRWAnS5Q49 | Balance: 100.000000 XRP
[Governor AI] Running background loop at 2025-11-03T16:18:00.240498+00:00
[ReceiptHandler] AI strategy heartbeat at 2025-11-03T16:18:00.244326+00:00 for wallet rpHLgNmn1GfgnGKrhREUCsMRaRWAnS5Q49 | Balance: 100.000000 XRP
[Governor AI] Running background loop at 2025-11-03T16:18:10.594137+00:00
[ReceiptHandler] AI strategy heartbeat at 2025-11-03T16:18:10.594195+00:00 for wallet rpHLgNmn1GfgnGKrhREUCsMRaRWAnS5Q49 | Balance: 100.000000 XRP
[Governor AI] Running background loop at 2025-11-03T16:18:20.963990+00:00
[ReceiptHandler] AI strategy heartbeat at 2025-11-03T16:18:20.964142+00:00 for wallet rpHLgNmn1GfgnGKrhREUCsMRaRWAnS5Q49 | Balance: 100.000000 XRP
[Governor AI] Running background loop at 2025-11-03T16:18:31.353160+00:00
[ReceiptHandler] AI strategy heartbeat at 2025-11-03T16:18:31.353302+00:00 for wallet rpHLgNmn1GfgnGKrhREUCsMRaRWAnS5Q49 | Balance: 100.000000 XRP
[Governor AI] Running background loop at 2025-11-03T16:18:41.893069+00:00
[ReceiptHandler] AI strategy heartbeat at 2025-11-03T16:18:41.893133+00:00 for wallet rpHLgNmn1GfgnGKrhREUCsMRaRWAnS5Q49 | Balance: 100.000000 XRP
[Governor AI] Running background loop at 2025-11-03T16:18:52.254135+00:00
[ReceiptHandler] AI strategy heartbeat at 2025-11-03T16:18:52.254276+00:00 for wallet rpHLgNmn1GfgnGKrhREUCsMRaRWAnS5Q49 | Balance: 100.000000 XRP
[Governor AI] Running background loop at 2025-11-03T16:19:03.076535+00:00
[ReceiptHandler] AI strategy heartbeat at 2025-11-03T16:19:03.076657+00:00 for wallet rpHLgNmn1GfgnGKrhREUCsMRaRWAnS5Q49 | Balance: 100.000000 XRP
[Governor AI] Running background loop at 2025-11-03T16:19:13.395788+00:00
[ReceiptHandler] AI strategy heartbeat at 2025-11-03T16:19:13.395926+00:00 for wallet rpHLgNmn1GfgnGKrhREUCsMRaRWAnS5Q49 | Balance: 100.000000 XRP
[Governor AI] Running background loop at 2025-11-03T16:19:23.738322+00:00
[ReceiptHandler] AI strategy heartbeat at 2025-11-03T16:19:23.738369+00:00 for wallet rpHLgNmn1GfgnGKrhREUCsMRaRWAnS5Q49 | Balance: 100.000000 XRP
[Governor AI] Running background loop at 2025-11-03T16:19:34.374935+00:00
[ReceiptHandler] AI strategy heartbeat at 2025-11-03T16:19:34.375190+00:00 for wallet rpHLgNmn1GfgnGKrhREUCsMRaRWAnS5Q49 | Balance: 100.000000 XRP
[Governor AI] Running background loop at 2025-11-03T16:19:44.717211+00:00
[ReceiptHandler] AI strategy heartbeat at 2025-11-03T16:19:44.717357+00:00 for wallet rpHLgNmn1GfgnGKrhREUCsMRaRWAnS5Q49 | Balance: 100.000000 XRP
[Governor AI] Running background loop at 2025-11-03T16:19:55.133532+00:00
[ReceiptHandler] AI strategy heartbeat at 2025-11-03T16:19:55.133644+00:00 for wallet rpHLgNmn1GfgnGKrhREUCsMRaRWAnS5Q49 | Balance: 100.000000 XRP
[Governor AI] Running background loop at 2025-11-03T16:20:05.918497+00:00
[ReceiptHandler] AI strategy heartbeat at 2025-11-03T16:20:05.918749+00:00 for wallet rpHLgNmn1GfgnGKrhREUCsMRaRWAnS5Q49 | Balance: 100.000000 XRP
[Governor AI] Running background loop at 2025-11-03T16:20:16.226706+00:00
[ReceiptHandler] AI strategy heartbeat at 2025-11-03T16:20:16.226818+00:00 for wallet rpHLgNmn1GfgnGKrhREUCsMRaRWAnS5Q49 | Balance: 100.000000 XRP
[Governor AI] Running background loop at 2025-11-03T16:20:26.556692+00:00
[ReceiptHandler] AI strategy heartbeat at 2025-11-03T16:20:26.556820+00:00 for wallet rpHLgNmn1GfgnGKrhREUCsMRaRWAnS5Q49 | Balance: 100.000000 XRP
[Governor AI] Running background loop at 2025-11-03T16:20:37.252239+00:00
[ReceiptHandler] AI strategy heartbeat at 2025-11-03T16:20:37.252348+00:00 for wallet rpHLgNmn1GfgnGKrhREUCsMRaRWAnS5Q49 | Balance: 100.000000 XRP
[Governor AI] Running background loop at 2025-11-03T16:20:47.625287+00:00
[ReceiptHandler] AI strategy heartbeat at 2025-11-03T16:20:47.625334+00:00 for wallet rpHLgNmn1GfgnGKrhREUCsMRaRWAnS5Q49 | Balance: 100.000000 XRP
[Governor AI] Running background loop at 2025-11-03T16:20:57.946231+00:00
[ReceiptHandler] AI strategy heartbeat at 2025-11-03T16:20:57.946287+00:00 for wallet rpHLgNmn1GfgnGKrhREUCsMRaRWAnS5Q49 | Balance: 100.000000 XRP
[Governor AI] Running background loop at 2025-11-03T16:21:08.746002+00:00
[ReceiptHandler] AI strategy heartbeat at 2025-11-03T16:21:08.746129+00:00 for wallet rpHLgNmn1GfgnGKrhREUCsMRaRWAnS5Q49 | Balance: 100.000000 XRP
[Governor AI] Running background loop at 2025-11-03T16:21:19.135598+00:00
[ReceiptHandler] AI strategy heartbeat at 2025-11-03T16:21:19.135774+00:00 for wallet rpHLgNmn1GfgnGKrhREUCsMRaRWAnS5Q49 | Balance: 100.000000 XRP
[Governor AI] Running background loop at 2025-11-03T16:21:29.475036+00:00
[ReceiptHandler] AI strategy heartbeat at 2025-11-03T16:21:29.475235+00:00 for wallet rpHLgNmn1GfgnGKrhREUCsMRaRWAnS5Q49 | Balance: 100.000000 XRP
[Governor AI] Running background loop at 2025-11-03T16:21:39.925273+00:00
[ReceiptHandler] AI strategy heartbeat at 2025-11-03T16:21:39.925410+00:00 for wallet rpHLgNmn1GfgnGKrhREUCsMRaRWAnS5Q49 | Balance: 100.000000 XRP
[Governor AI] Running background loop at 2025-11-03T16:21:50.321834+00:00
[ReceiptHandler] AI strategy heartbeat at 2025-11-03T16:21:50.321901+00:00 for wallet rpHLgNmn1GfgnGKrhREUCsMRaRWAnS5Q49 | Balance: 100.000000 XRP
[Governor AI] Running background loop at 2025-11-03T16:22:00.717767+00:00
[ReceiptHandler] AI strategy heartbeat at 2025-11-03T16:22:00.717918+00:00 for wallet rpHLgNmn1GfgnGKrhREUCsMRaRWAnS5Q49 | Balance: 100.000000 XRP
[Governor AI] Running background loop at 2025-11-03T16:22:11.254740+00:00
[ReceiptHandler] AI strategy heartbeat at 2025-11-03T16:22:11.254955+00:00 for wallet rpHLgNmn1GfgnGKrhREUCsMRaRWAnS5Q49 | Balance: 100.000000 XRP
[Governor AI] Running background loop at 2025-11-03T16:22:21.704883+00:00
[ReceiptHandler] AI strategy heartbeat at 2025-11-03T16:22:21.705023+00:00 for wallet rpHLgNmn1GfgnGKrhREUCsMRaRWAnS5Q49 | Balance: 100.000000 XRP
[Governor AI] Running background loop at 2025-11-03T16:22:32.048497+00:00
[ReceiptHandler] AI strategy heartbeat at 2025-11-03T16:22:32.048644+00:00 for wallet rpHLgNmn1GfgnGKrhREUCsMRaRWAnS5Q49 | Balance: 100.000000 XRP
[Governor AI] Running background loop at 2025-11-03T16:22:42.841083+00:00
[ReceiptHandler] AI strategy heartbeat at 2025-11-03T16:22:42.841148+00:00 for wallet rpHLgNmn1GfgnGKrhREUCsMRaRWAnS5Q49 | Balance: 100.000000 XRP
[Governor AI] Running background loop at 2025-11-03T16:22:53.218454+00:00
[ReceiptHandler] AI strategy heartbeat at 2025-11-03T16:22:53.218604+00:00 for wallet rpHLgNmn1GfgnGKrhREUCsMRaRWAnS5Q49 | Balance: 100.000000 XRP
[Governor AI] Running background loop at 2025-11-03T16:23:03.684495+00:00
[ReceiptHandler] AI strategy heartbeat at 2025-11-03T16:23:03.684634+00:00 for wallet rpHLgNmn1GfgnGKrhREUCsMRaRWAnS5Q49 | Balance: 100.000000 XRP
[Governor AI] Running background loop at 2025-11-03T16:23:14.239316+00:00
[ReceiptHandler] AI strategy heartbeat at 2025-11-03T16:23:14.239442+00:00 for wallet rpHLgNmn1GfgnGKrhREUCsMRaRWAnS5Q49 | Balance: 100.000000 XRP
[Governor AI] Running background loop at 2025-11-03T16:23:24.561891+00:00
[ReceiptHandler] AI strategy heartbeat at 2025-11-03T16:23:24.562239+00:00 for wallet rpHLgNmn1GfgnGKrhREUCsMRaRWAnS5Q49 | Balance: 100.000000 XRP
[Governor AI] Running background loop at 2025-11-03T16:23:35.013323+00:00
[ReceiptHandler] AI strategy heartbeat at 2025-11-03T16:23:35.013376+00:00 for wallet rpHLgNmn1GfgnGKrhREUCsMRaRWAnS5Q49 | Balance: 100.000000 XRP
[Governor AI] Running background loop at 2025-11-03T16:23:48.646817+00:00
[ReceiptHandler] AI strategy heartbeat at 2025-11-03T16:23:48.646952+00:00 for wallet rpHLgNmn1GfgnGKrhREUCsMRaRWAnS5Q49 | Balance: 100.000000 XRP127.0.0.1 - - [03/Nov/2025 10:24:07] "GET /health HTTP/1.1" 200 -
127.0.0.1 - - [03/Nov/2025 10:25:07] "GET /health HTTP/1.1" 200 -
127.0.0.1 - - [03/Nov/2025 10:26:07] "GET /health HTTP/1.1" 200 -
127.0.0.1 - - [03/Nov/2025 10:27:07] "GET /health HTTP/1.1" 200 -
