----- Mon Nov  3 07:30:17 CST 2025: Checking for updates -----
From https://github.com/AiGOVERNOR/governor_ai
 * branch            main       -> FETCH_HEAD
No updates detected — system stable.
----- Mon Nov  3 07:33:33 CST 2025: Checking for updates -----
From https://github.com/AiGOVERNOR/governor_ai
 * branch            main       -> FETCH_HEAD
No updates detected — system stable.
----- Mon Nov  3 07:40:00 CST 2025: Checking for updates -----
From https://github.com/AiGOVERNOR/governor_ai
 * branch            main       -> FETCH_HEAD
No updates detected — system stable.
----- Mon Nov  3 07:44:44 CST 2025: Checking for updates -----
From https://github.com/AiGOVERNOR/governor_ai
 * branch            main       -> FETCH_HEAD
No updates detected — system stable.
----- Mon Nov  3 07:47:12 CST 2025: Checking for updates -----
From https://github.com/AiGOVERNOR/governor_ai
 * branch            main       -> FETCH_HEAD
No updates detected — system stable.
----- Mon Nov  3 07:49:02 CST 2025: Checking for updates -----
From https://github.com/AiGOVERNOR/governor_ai
 * branch            main       -> FETCH_HEAD
No updates detected — system stable.
----- Mon Nov  3 07:52:38 CST 2025: Checking for updates -----
From https://github.com/AiGOVERNOR/governor_ai
 * branch            main       -> FETCH_HEAD
Mon Nov  3 07:52:39 CST 2025: No updates detected — system stable.
----- Mon Nov  3 07:54:26 CST 2025: Checking for updates -----
From https://github.com/AiGOVERNOR/governor_ai
 * branch            main       -> FETCH_HEAD
Mon Nov  3 07:54:27 CST 2025: No updates detected — system stable.
----- Mon Nov  3 07:54:38 CST 2025: Checking for updates -----
From https://github.com/AiGOVERNOR/governor_ai
 * branch            main       -> FETCH_HEAD
Mon Nov  3 07:54:39 CST 2025: No updates detected — system stable.
----- Mon Nov  3 08:59:15 CST 2025: Checking for updates -----
From https://github.com/AiGOVERNOR/governor_ai
 * branch            main       -> FETCH_HEAD
Mon Nov  3 08:59:16 CST 2025: No updates detected — system stable.
----- Mon Nov  3 08:59:17 CST 2025: Checking for updates -----
From https://github.com/AiGOVERNOR/governor_ai
 * branch            main       -> FETCH_HEAD
Mon Nov  3 08:59:18 CST 2025: No updates detected — system stable.
----- Mon Nov  3 09:34:53 CST 2025: Checking for updates -----
From https://github.com/AiGOVERNOR/governor_ai
 * branch            main       -> FETCH_HEAD
Mon Nov  3 09:34:54 CST 2025: No updates detected — system stable.
----- Mon Nov  3 10:04:05 CST 2025: Checking for updates -----
From https://github.com/AiGOVERNOR/governor_ai
 * branch            main       -> FETCH_HEAD
Mon Nov  3 10:04:05 CST 2025: No updates detected — system stable.
