Mon Nov  3 07:17:58 CST 2025: Governor AI not running — restarting...
Mon Nov  3 08:19:02 CST 2025: Governor AI not running — restarting...
Mon Nov  3 08:20:02 CST 2025: Governor AI not running — restarting...
Mon Nov  3 08:21:02 CST 2025: Governor AI not running — restarting...
Mon Nov  3 08:22:02 CST 2025: Governor AI not running — restarting...
Mon Nov  3 08:24:02 CST 2025: Governor AI not running — restarting...
Mon Nov  3 08:25:02 CST 2025: Governor AI not running — restarting...
Mon Nov  3 08:27:02 CST 2025: Governor AI not running — restarting...
Mon Nov  3 08:28:02 CST 2025: Governor AI not running — restarting...
Mon Nov  3 08:29:02 CST 2025: Governor AI not running — restarting...
----- Mon Nov  3 08:30:00 CST 2025: Watchdog check triggered -----
Mon Nov  3 08:30:00 CST 2025: Governor AI not running — restarting process...
Mon Nov  3 08:30:00 CST 2025: Governor AI restarted (no process found).
Mon Nov  3 08:31:03 CST 2025: Governor AI not running — restarting...
Mon Nov  3 08:32:03 CST 2025: Governor AI not running — restarting...
Mon Nov  3 08:33:03 CST 2025: Governor AI not running — restarting...
Mon Nov  3 08:34:03 CST 2025: Governor AI not running — restarting...
Mon Nov  3 08:38:03 CST 2025: Governor AI not running — restarting...
Mon Nov  3 08:49:04 CST 2025: Governor AI not running — restarting...
----- Mon Nov  3 09:00:00 CST 2025: Watchdog check triggered -----
Mon Nov  3 09:00:01 CST 2025: Governor AI is healthy.
Mon Nov  3 09:08:05 CST 2025: Governor AI not running — restarting...
Mon Nov  3 09:09:05 CST 2025: Governor AI not running — restarting...
Mon Nov  3 09:10:05 CST 2025: Governor AI not running — restarting...
Mon Nov  3 09:11:05 CST 2025: Governor AI not running — restarting...
Mon Nov  3 09:12:05 CST 2025: Governor AI not running — restarting...
Mon Nov  3 09:13:06 CST 2025: Governor AI not running — restarting...
Mon Nov  3 09:14:06 CST 2025: Governor AI not running — restarting...
Mon Nov  3 09:15:06 CST 2025: Governor AI not running — restarting...
Mon Nov  3 09:16:06 CST 2025: Governor AI not running — restarting...
Mon Nov  3 09:17:06 CST 2025: Governor AI not running — restarting...
Mon Nov  3 09:18:06 CST 2025: Governor AI not running — restarting...
Mon Nov  3 09:19:06 CST 2025: Governor AI not running — restarting...
Mon Nov  3 09:20:06 CST 2025: Governor AI not running — restarting...
----- Mon Nov  3 09:30:00 CST 2025: Watchdog check triggered -----
Mon Nov  3 09:30:00 CST 2025: Governor AI is healthy.
----- Mon Nov  3 10:04:05 CST 2025: Watchdog check triggered -----
Mon Nov  3 10:04:05 CST 2025: Governor AI unresponsive — restarting...
Mon Nov  3 10:04:08 CST 2025: Governor AI restarted after failed health check.
