[2025-11-03T14:40:17.384784+00:00] AI strategy heartbeat at 2025-11-03T14:40:17.384625+00:00 for wallet rh4rU2K16aM2ow39dGP94Zi5PS9jC7oTUf
[2025-11-03T14:40:27.391155+00:00] AI strategy heartbeat at 2025-11-03T14:40:27.391095+00:00 for wallet rh4rU2K16aM2ow39dGP94Zi5PS9jC7oTUf
[2025-11-03T14:40:37.392670+00:00] AI strategy heartbeat at 2025-11-03T14:40:37.392625+00:00 for wallet rh4rU2K16aM2ow39dGP94Zi5PS9jC7oTUf
[2025-11-03T14:40:47.394245+00:00] AI strategy heartbeat at 2025-11-03T14:40:47.394180+00:00 for wallet rh4rU2K16aM2ow39dGP94Zi5PS9jC7oTUf
[2025-11-03T14:40:57.397476+00:00] AI strategy heartbeat at 2025-11-03T14:40:57.397363+00:00 for wallet rh4rU2K16aM2ow39dGP94Zi5PS9jC7oTUf
[2025-11-03T14:41:07.402485+00:00] AI strategy heartbeat at 2025-11-03T14:41:07.402377+00:00 for wallet rh4rU2K16aM2ow39dGP94Zi5PS9jC7oTUf
[2025-11-03T14:41:17.405435+00:00] AI strategy heartbeat at 2025-11-03T14:41:17.405301+00:00 for wallet rh4rU2K16aM2ow39dGP94Zi5PS9jC7oTUf
[2025-11-03T14:41:27.408338+00:00] AI strategy heartbeat at 2025-11-03T14:41:27.408289+00:00 for wallet rh4rU2K16aM2ow39dGP94Zi5PS9jC7oTUf
[2025-11-03T14:41:37.410199+00:00] AI strategy heartbeat at 2025-11-03T14:41:37.410102+00:00 for wallet rh4rU2K16aM2ow39dGP94Zi5PS9jC7oTUf
[2025-11-03T14:41:47.412622+00:00] AI strategy heartbeat at 2025-11-03T14:41:47.412562+00:00 for wallet rh4rU2K16aM2ow39dGP94Zi5PS9jC7oTUf
[2025-11-03T14:41:57.414749+00:00] AI strategy heartbeat at 2025-11-03T14:41:57.414664+00:00 for wallet rh4rU2K16aM2ow39dGP94Zi5PS9jC7oTUf
[2025-11-03T14:42:07.418425+00:00] AI strategy heartbeat at 2025-11-03T14:42:07.418292+00:00 for wallet rh4rU2K16aM2ow39dGP94Zi5PS9jC7oTUf
[2025-11-03T14:42:17.422552+00:00] AI strategy heartbeat at 2025-11-03T14:42:17.422436+00:00 for wallet rh4rU2K16aM2ow39dGP94Zi5PS9jC7oTUf
[2025-11-03T14:42:20.342516+00:00] [Governor AI] 2025-11-03T14:42:20.342132+00:00 | Wallet rh4rU2K16aM2ow39dGP94Zi5PS9jC7oTUf Balance: unavailable
[2025-11-03T14:42:30.346518+00:00] [Governor AI] 2025-11-03T14:42:30.346272+00:00 | Wallet rh4rU2K16aM2ow39dGP94Zi5PS9jC7oTUf Balance: unavailable
[2025-11-03T14:42:40.349938+00:00] [Governor AI] 2025-11-03T14:42:40.349471+00:00 | Wallet rh4rU2K16aM2ow39dGP94Zi5PS9jC7oTUf Balance: unavailable
[2025-11-03T14:42:50.353823+00:00] [Governor AI] 2025-11-03T14:42:50.353312+00:00 | Wallet rh4rU2K16aM2ow39dGP94Zi5PS9jC7oTUf Balance: unavailable
[2025-11-03T14:43:00.359290+00:00] [Governor AI] 2025-11-03T14:43:00.358805+00:00 | Wallet rh4rU2K16aM2ow39dGP94Zi5PS9jC7oTUf Balance: unavailable
[2025-11-03T14:43:10.363010+00:00] [Governor AI] 2025-11-03T14:43:10.362525+00:00 | Wallet rh4rU2K16aM2ow39dGP94Zi5PS9jC7oTUf Balance: unavailable
[2025-11-03T14:43:20.366286+00:00] [Governor AI] 2025-11-03T14:43:20.365939+00:00 | Wallet rh4rU2K16aM2ow39dGP94Zi5PS9jC7oTUf Balance: unavailable
[2025-11-03T14:43:30.368880+00:00] [Governor AI] 2025-11-03T14:43:30.368141+00:00 | Wallet rh4rU2K16aM2ow39dGP94Zi5PS9jC7oTUf Balance: unavailable
[2025-11-03T14:43:40.372500+00:00] [Governor AI] 2025-11-03T14:43:40.371936+00:00 | Wallet rh4rU2K16aM2ow39dGP94Zi5PS9jC7oTUf Balance: unavailable
[2025-11-03T14:43:50.376317+00:00] [Governor AI] 2025-11-03T14:43:50.375821+00:00 | Wallet rh4rU2K16aM2ow39dGP94Zi5PS9jC7oTUf Balance: unavailable
[2025-11-03T14:44:00.379490+00:00] [Governor AI] 2025-11-03T14:44:00.379221+00:00 | Wallet rh4rU2K16aM2ow39dGP94Zi5PS9jC7oTUf Balance: unavailable
[2025-11-03T14:44:10.382188+00:00] [Governor AI] 2025-11-03T14:44:10.381644+00:00 | Wallet rh4rU2K16aM2ow39dGP94Zi5PS9jC7oTUf Balance: unavailable
[2025-11-03T14:44:20.386116+00:00] [Governor AI] 2025-11-03T14:44:20.385590+00:00 | Wallet rh4rU2K16aM2ow39dGP94Zi5PS9jC7oTUf Balance: unavailable
[2025-11-03T14:44:30.389131+00:00] [Governor AI] 2025-11-03T14:44:30.388755+00:00 | Wallet rh4rU2K16aM2ow39dGP94Zi5PS9jC7oTUf Balance: unavailable
[2025-11-03T14:44:40.391104+00:00] [Governor AI] 2025-11-03T14:44:40.390841+00:00 | Wallet rh4rU2K16aM2ow39dGP94Zi5PS9jC7oTUf Balance: unavailable
[2025-11-03T14:44:50.395114+00:00] [Governor AI] 2025-11-03T14:44:50.394589+00:00 | Wallet rh4rU2K16aM2ow39dGP94Zi5PS9jC7oTUf Balance: unavailable
[2025-11-03T14:45:00.398771+00:00] [Governor AI] 2025-11-03T14:45:00.398273+00:00 | Wallet rh4rU2K16aM2ow39dGP94Zi5PS9jC7oTUf Balance: unavailable
[2025-11-03T14:45:10.401658+00:00] [Governor AI] 2025-11-03T14:45:10.401177+00:00 | Wallet rh4rU2K16aM2ow39dGP94Zi5PS9jC7oTUf Balance: unavailable
[2025-11-03T14:45:20.407338+00:00] [Governor AI] 2025-11-03T14:45:20.406868+00:00 | Wallet rh4rU2K16aM2ow39dGP94Zi5PS9jC7oTUf Balance: unavailable
[2025-11-03T14:45:30.410825+00:00] [Governor AI] 2025-11-03T14:45:30.410520+00:00 | Wallet rh4rU2K16aM2ow39dGP94Zi5PS9jC7oTUf Balance: unavailable
[2025-11-03T14:45:40.413272+00:00] [Governor AI] 2025-11-03T14:45:40.412941+00:00 | Wallet rh4rU2K16aM2ow39dGP94Zi5PS9jC7oTUf Balance: unavailable
[2025-11-03T14:45:50.415129+00:00] [Governor AI] 2025-11-03T14:45:50.414890+00:00 | Wallet rh4rU2K16aM2ow39dGP94Zi5PS9jC7oTUf Balance: unavailable
[2025-11-03T14:46:00.417393+00:00] [Governor AI] 2025-11-03T14:46:00.417117+00:00 | Wallet rh4rU2K16aM2ow39dGP94Zi5PS9jC7oTUf Balance: unavailable
[2025-11-03T14:46:10.433587+00:00] [Governor AI] 2025-11-03T14:46:10.431910+00:00 | Wallet rh4rU2K16aM2ow39dGP94Zi5PS9jC7oTUf Balance: unavailable
[2025-11-03T14:46:20.472050+00:00] [Governor AI] 2025-11-03T14:46:20.461904+00:00 | Wallet rh4rU2K16aM2ow39dGP94Zi5PS9jC7oTUf Balance: unavailable
[2025-11-03T14:46:30.502880+00:00] [Governor AI] 2025-11-03T14:46:30.500564+00:00 | Wallet rh4rU2K16aM2ow39dGP94Zi5PS9jC7oTUf Balance: unavailable
[2025-11-03T14:46:40.510047+00:00] [Governor AI] 2025-11-03T14:46:40.509688+00:00 | Wallet rh4rU2K16aM2ow39dGP94Zi5PS9jC7oTUf Balance: unavailable
[2025-11-03T14:46:50.512261+00:00] [Governor AI] 2025-11-03T14:46:50.511876+00:00 | Wallet rh4rU2K16aM2ow39dGP94Zi5PS9jC7oTUf Balance: unavailable
[2025-11-03T14:47:00.515024+00:00] [Governor AI] 2025-11-03T14:47:00.514272+00:00 | Wallet rh4rU2K16aM2ow39dGP94Zi5PS9jC7oTUf Balance: unavailable
[2025-11-03T14:47:10.517839+00:00] [Governor AI] 2025-11-03T14:47:10.517633+00:00 | Wallet rh4rU2K16aM2ow39dGP94Zi5PS9jC7oTUf Balance: unavailable
[2025-11-03T14:47:20.520385+00:00] [Governor AI] 2025-11-03T14:47:20.519985+00:00 | Wallet rh4rU2K16aM2ow39dGP94Zi5PS9jC7oTUf Balance: unavailable
[2025-11-03T14:47:30.523369+00:00] [Governor AI] 2025-11-03T14:47:30.522996+00:00 | Wallet rh4rU2K16aM2ow39dGP94Zi5PS9jC7oTUf Balance: unavailable
[2025-11-03T14:47:40.533080+00:00] [Governor AI] 2025-11-03T14:47:40.531368+00:00 | Wallet rh4rU2K16aM2ow39dGP94Zi5PS9jC7oTUf Balance: unavailable
[2025-11-03T14:47:50.536922+00:00] [Governor AI] 2025-11-03T14:47:50.536560+00:00 | Wallet rh4rU2K16aM2ow39dGP94Zi5PS9jC7oTUf Balance: unavailable
[2025-11-03T14:48:00.539781+00:00] [Governor AI] 2025-11-03T14:48:00.539116+00:00 | Wallet rh4rU2K16aM2ow39dGP94Zi5PS9jC7oTUf Balance: unavailable
[2025-11-03T14:48:10.543973+00:00] [Governor AI] 2025-11-03T14:48:10.543681+00:00 | Wallet rh4rU2K16aM2ow39dGP94Zi5PS9jC7oTUf Balance: unavailable
[2025-11-03T14:49:06.819673+00:00] [Governor AI] 2025-11-03T14:49:06.819446+00:00 | Wallet rh4rU2K16aM2ow39dGP94Zi5PS9jC7oTUf Balance: unavailable
[2025-11-03T14:49:16.825731+00:00] [Governor AI] 2025-11-03T14:49:16.825440+00:00 | Wallet rh4rU2K16aM2ow39dGP94Zi5PS9jC7oTUf Balance: unavailable
[2025-11-03T14:49:26.828526+00:00] [Governor AI] 2025-11-03T14:49:26.828231+00:00 | Wallet rh4rU2K16aM2ow39dGP94Zi5PS9jC7oTUf Balance: unavailable
[2025-11-03T14:49:36.832550+00:00] [Governor AI] 2025-11-03T14:49:36.832280+00:00 | Wallet rh4rU2K16aM2ow39dGP94Zi5PS9jC7oTUf Balance: unavailable
[2025-11-03T14:49:46.834937+00:00] [Governor AI] 2025-11-03T14:49:46.834778+00:00 | Wallet rh4rU2K16aM2ow39dGP94Zi5PS9jC7oTUf Balance: unavailable
[2025-11-03T14:49:56.837277+00:00] [Governor AI] 2025-11-03T14:49:56.836967+00:00 | Wallet rh4rU2K16aM2ow39dGP94Zi5PS9jC7oTUf Balance: unavailable
[2025-11-03T14:50:06.840445+00:00] [Governor AI] 2025-11-03T14:50:06.840293+00:00 | Wallet rh4rU2K16aM2ow39dGP94Zi5PS9jC7oTUf Balance: unavailable
[2025-11-03T14:50:16.842082+00:00] [Governor AI] 2025-11-03T14:50:16.841957+00:00 | Wallet rh4rU2K16aM2ow39dGP94Zi5PS9jC7oTUf Balance: unavailable
[2025-11-03T14:50:26.843820+00:00] [Governor AI] 2025-11-03T14:50:26.843620+00:00 | Wallet rh4rU2K16aM2ow39dGP94Zi5PS9jC7oTUf Balance: unavailable
[2025-11-03T14:50:36.847018+00:00] [Governor AI] 2025-11-03T14:50:36.846728+00:00 | Wallet rh4rU2K16aM2ow39dGP94Zi5PS9jC7oTUf Balance: unavailable
[2025-11-03T14:50:46.850637+00:00] [Governor AI] 2025-11-03T14:50:46.850185+00:00 | Wallet rh4rU2K16aM2ow39dGP94Zi5PS9jC7oTUf Balance: unavailable
[2025-11-03T14:50:56.853828+00:00] [Governor AI] 2025-11-03T14:50:56.853638+00:00 | Wallet rh4rU2K16aM2ow39dGP94Zi5PS9jC7oTUf Balance: unavailable
[2025-11-03T14:51:06.855912+00:00] [Governor AI] 2025-11-03T14:51:06.855605+00:00 | Wallet rh4rU2K16aM2ow39dGP94Zi5PS9jC7oTUf Balance: unavailable
[2025-11-03T14:51:16.858185+00:00] [Governor AI] 2025-11-03T14:51:16.858068+00:00 | Wallet rh4rU2K16aM2ow39dGP94Zi5PS9jC7oTUf Balance: unavailable
[2025-11-03T14:51:26.859814+00:00] [Governor AI] 2025-11-03T14:51:26.859446+00:00 | Wallet rh4rU2K16aM2ow39dGP94Zi5PS9jC7oTUf Balance: unavailable
[2025-11-03T14:51:36.865945+00:00] [Governor AI] 2025-11-03T14:51:36.865657+00:00 | Wallet rh4rU2K16aM2ow39dGP94Zi5PS9jC7oTUf Balance: unavailable
[2025-11-03T14:51:46.869464+00:00] [Governor AI] 2025-11-03T14:51:46.869217+00:00 | Wallet rh4rU2K16aM2ow39dGP94Zi5PS9jC7oTUf Balance: unavailable
[2025-11-03T14:51:56.872142+00:00] [Governor AI] 2025-11-03T14:51:56.871951+00:00 | Wallet rh4rU2K16aM2ow39dGP94Zi5PS9jC7oTUf Balance: unavailable
[2025-11-03T14:52:06.874493+00:00] [Governor AI] 2025-11-03T14:52:06.874341+00:00 | Wallet rh4rU2K16aM2ow39dGP94Zi5PS9jC7oTUf Balance: unavailable
[2025-11-03T14:52:16.876967+00:00] [Governor AI] 2025-11-03T14:52:16.876574+00:00 | Wallet rh4rU2K16aM2ow39dGP94Zi5PS9jC7oTUf Balance: unavailable
[2025-11-03T14:52:26.880371+00:00] [Governor AI] 2025-11-03T14:52:26.879690+00:00 | Wallet rh4rU2K16aM2ow39dGP94Zi5PS9jC7oTUf Balance: unavailable
[2025-11-03T14:52:36.894645+00:00] [Governor AI] 2025-11-03T14:52:36.894402+00:00 | Wallet rh4rU2K16aM2ow39dGP94Zi5PS9jC7oTUf Balance: unavailable
[2025-11-03T14:52:46.896882+00:00] [Governor AI] 2025-11-03T14:52:46.896523+00:00 | Wallet rh4rU2K16aM2ow39dGP94Zi5PS9jC7oTUf Balance: unavailable
[2025-11-03T14:52:56.899557+00:00] [Governor AI] 2025-11-03T14:52:56.899402+00:00 | Wallet rh4rU2K16aM2ow39dGP94Zi5PS9jC7oTUf Balance: unavailable
[2025-11-03T14:53:06.902588+00:00] [Governor AI] 2025-11-03T14:53:06.902416+00:00 | Wallet rh4rU2K16aM2ow39dGP94Zi5PS9jC7oTUf Balance: unavailable
[2025-11-03T14:53:16.905027+00:00] [Governor AI] 2025-11-03T14:53:16.904555+00:00 | Wallet rh4rU2K16aM2ow39dGP94Zi5PS9jC7oTUf Balance: unavailable
[2025-11-03T14:53:26.908742+00:00] [Governor AI] 2025-11-03T14:53:26.908178+00:00 | Wallet rh4rU2K16aM2ow39dGP94Zi5PS9jC7oTUf Balance: unavailable
[2025-11-03T14:53:36.913821+00:00] [Governor AI] 2025-11-03T14:53:36.913270+00:00 | Wallet rh4rU2K16aM2ow39dGP94Zi5PS9jC7oTUf Balance: unavailable
[2025-11-03T14:53:46.916487+00:00] [Governor AI] 2025-11-03T14:53:46.916370+00:00 | Wallet rh4rU2K16aM2ow39dGP94Zi5PS9jC7oTUf Balance: unavailable
[2025-11-03T14:53:56.920421+00:00] [Governor AI] 2025-11-03T14:53:56.920125+00:00 | Wallet rh4rU2K16aM2ow39dGP94Zi5PS9jC7oTUf Balance: unavailable
[2025-11-03T14:54:06.924192+00:00] [Governor AI] 2025-11-03T14:54:06.923633+00:00 | Wallet rh4rU2K16aM2ow39dGP94Zi5PS9jC7oTUf Balance: unavailable
[2025-11-03T14:54:16.926977+00:00] [Governor AI] 2025-11-03T14:54:16.926848+00:00 | Wallet rh4rU2K16aM2ow39dGP94Zi5PS9jC7oTUf Balance: unavailable
[2025-11-03T14:54:26.928914+00:00] [Governor AI] 2025-11-03T14:54:26.928754+00:00 | Wallet rh4rU2K16aM2ow39dGP94Zi5PS9jC7oTUf Balance: unavailable
[2025-11-03T14:54:36.931990+00:00] [Governor AI] 2025-11-03T14:54:36.931660+00:00 | Wallet rh4rU2K16aM2ow39dGP94Zi5PS9jC7oTUf Balance: unavailable
[2025-11-03T14:54:46.936593+00:00] [Governor AI] 2025-11-03T14:54:46.935976+00:00 | Wallet rh4rU2K16aM2ow39dGP94Zi5PS9jC7oTUf Balance: unavailable
[2025-11-03T14:54:56.939666+00:00] [Governor AI] 2025-11-03T14:54:56.939319+00:00 | Wallet rh4rU2K16aM2ow39dGP94Zi5PS9jC7oTUf Balance: unavailable
[2025-11-03T14:55:06.944132+00:00] [Governor AI] 2025-11-03T14:55:06.943848+00:00 | Wallet rh4rU2K16aM2ow39dGP94Zi5PS9jC7oTUf Balance: unavailable
[2025-11-03T14:55:16.946931+00:00] [Governor AI] 2025-11-03T14:55:16.946657+00:00 | Wallet rh4rU2K16aM2ow39dGP94Zi5PS9jC7oTUf Balance: unavailable
[2025-11-03T14:55:26.948826+00:00] [Governor AI] 2025-11-03T14:55:26.948528+00:00 | Wallet rh4rU2K16aM2ow39dGP94Zi5PS9jC7oTUf Balance: unavailable
[2025-11-03T14:55:36.953223+00:00] [Governor AI] 2025-11-03T14:55:36.952911+00:00 | Wallet rh4rU2K16aM2ow39dGP94Zi5PS9jC7oTUf Balance: unavailable
[2025-11-03T14:55:46.957455+00:00] [Governor AI] 2025-11-03T14:55:46.956930+00:00 | Wallet rh4rU2K16aM2ow39dGP94Zi5PS9jC7oTUf Balance: unavailable
[2025-11-03T14:55:56.960253+00:00] [Governor AI] 2025-11-03T14:55:56.960041+00:00 | Wallet rh4rU2K16aM2ow39dGP94Zi5PS9jC7oTUf Balance: unavailable
[2025-11-03T14:56:06.962583+00:00] [Governor AI] 2025-11-03T14:56:06.962432+00:00 | Wallet rh4rU2K16aM2ow39dGP94Zi5PS9jC7oTUf Balance: unavailable
[2025-11-03T14:56:16.966316+00:00] [Governor AI] 2025-11-03T14:56:16.965783+00:00 | Wallet rh4rU2K16aM2ow39dGP94Zi5PS9jC7oTUf Balance: unavailable
[2025-11-03T14:56:26.969800+00:00] [Governor AI] 2025-11-03T14:56:26.969171+00:00 | Wallet rh4rU2K16aM2ow39dGP94Zi5PS9jC7oTUf Balance: unavailable
[2025-11-03T14:56:36.975229+00:00] [Governor AI] 2025-11-03T14:56:36.974944+00:00 | Wallet rh4rU2K16aM2ow39dGP94Zi5PS9jC7oTUf Balance: unavailable
[2025-11-03T14:56:46.978546+00:00] [Governor AI] 2025-11-03T14:56:46.978338+00:00 | Wallet rh4rU2K16aM2ow39dGP94Zi5PS9jC7oTUf Balance: unavailable
[2025-11-03T14:56:56.982336+00:00] [Governor AI] 2025-11-03T14:56:56.982110+00:00 | Wallet rh4rU2K16aM2ow39dGP94Zi5PS9jC7oTUf Balance: unavailable
[2025-11-03T14:57:06.984641+00:00] [Governor AI] 2025-11-03T14:57:06.984490+00:00 | Wallet rh4rU2K16aM2ow39dGP94Zi5PS9jC7oTUf Balance: unavailable
[2025-11-03T14:57:16.986650+00:00] [Governor AI] 2025-11-03T14:57:16.986495+00:00 | Wallet rh4rU2K16aM2ow39dGP94Zi5PS9jC7oTUf Balance: unavailable
[2025-11-03T14:57:26.988761+00:00] [Governor AI] 2025-11-03T14:57:26.988490+00:00 | Wallet rh4rU2K16aM2ow39dGP94Zi5PS9jC7oTUf Balance: unavailable
[2025-11-03T14:57:36.991239+00:00] [Governor AI] 2025-11-03T14:57:36.990945+00:00 | Wallet rh4rU2K16aM2ow39dGP94Zi5PS9jC7oTUf Balance: unavailable
[2025-11-03T14:57:46.994794+00:00] [Governor AI] 2025-11-03T14:57:46.994634+00:00 | Wallet rh4rU2K16aM2ow39dGP94Zi5PS9jC7oTUf Balance: unavailable
[2025-11-03T14:57:56.997366+00:00] [Governor AI] 2025-11-03T14:57:56.997075+00:00 | Wallet rh4rU2K16aM2ow39dGP94Zi5PS9jC7oTUf Balance: unavailable
[2025-11-03T14:58:07.000371+00:00] [Governor AI] 2025-11-03T14:58:07.000244+00:00 | Wallet rh4rU2K16aM2ow39dGP94Zi5PS9jC7oTUf Balance: unavailable
[2025-11-03T14:58:17.002304+00:00] [Governor AI] 2025-11-03T14:58:17.002059+00:00 | Wallet rh4rU2K16aM2ow39dGP94Zi5PS9jC7oTUf Balance: unavailable
[2025-11-03T14:58:27.003972+00:00] [Governor AI] 2025-11-03T14:58:27.003825+00:00 | Wallet rh4rU2K16aM2ow39dGP94Zi5PS9jC7oTUf Balance: unavailable
[2025-11-03T14:58:37.005974+00:00] [Governor AI] 2025-11-03T14:58:37.005643+00:00 | Wallet rh4rU2K16aM2ow39dGP94Zi5PS9jC7oTUf Balance: unavailable
[2025-11-03T14:58:47.008057+00:00] [Governor AI] 2025-11-03T14:58:47.007894+00:00 | Wallet rh4rU2K16aM2ow39dGP94Zi5PS9jC7oTUf Balance: unavailable
[2025-11-03T14:58:57.011145+00:00] [Governor AI] 2025-11-03T14:58:57.010825+00:00 | Wallet rh4rU2K16aM2ow39dGP94Zi5PS9jC7oTUf Balance: unavailable
[2025-11-03T14:59:07.016327+00:00] [Governor AI] 2025-11-03T14:59:07.016177+00:00 | Wallet rh4rU2K16aM2ow39dGP94Zi5PS9jC7oTUf Balance: unavailable
[2025-11-03T14:59:17.018125+00:00] [Governor AI] 2025-11-03T14:59:17.017863+00:00 | Wallet rh4rU2K16aM2ow39dGP94Zi5PS9jC7oTUf Balance: unavailable
[2025-11-03T14:59:27.030750+00:00] [Governor AI] 2025-11-03T14:59:27.028032+00:00 | Wallet rh4rU2K16aM2ow39dGP94Zi5PS9jC7oTUf Balance: unavailable
[2025-11-03T14:59:37.041486+00:00] [Governor AI] 2025-11-03T14:59:37.040822+00:00 | Wallet rh4rU2K16aM2ow39dGP94Zi5PS9jC7oTUf Balance: unavailable
[2025-11-03T14:59:47.048825+00:00] [Governor AI] 2025-11-03T14:59:47.048136+00:00 | Wallet rh4rU2K16aM2ow39dGP94Zi5PS9jC7oTUf Balance: unavailable
[2025-11-03T14:59:57.052958+00:00] [Governor AI] 2025-11-03T14:59:57.052423+00:00 | Wallet rh4rU2K16aM2ow39dGP94Zi5PS9jC7oTUf Balance: unavailable
[2025-11-03T15:00:07.056489+00:00] [Governor AI] 2025-11-03T15:00:07.056124+00:00 | Wallet rh4rU2K16aM2ow39dGP94Zi5PS9jC7oTUf Balance: unavailable
[2025-11-03T15:00:17.058648+00:00] [Governor AI] 2025-11-03T15:00:17.058486+00:00 | Wallet rh4rU2K16aM2ow39dGP94Zi5PS9jC7oTUf Balance: unavailable
[2025-11-03T15:00:27.060892+00:00] [Governor AI] 2025-11-03T15:00:27.060665+00:00 | Wallet rh4rU2K16aM2ow39dGP94Zi5PS9jC7oTUf Balance: unavailable
[2025-11-03T15:00:37.062774+00:00] [Governor AI] 2025-11-03T15:00:37.062553+00:00 | Wallet rh4rU2K16aM2ow39dGP94Zi5PS9jC7oTUf Balance: unavailable
[2025-11-03T15:00:47.064475+00:00] [Governor AI] 2025-11-03T15:00:47.064210+00:00 | Wallet rh4rU2K16aM2ow39dGP94Zi5PS9jC7oTUf Balance: unavailable
[2025-11-03T15:00:57.067014+00:00] [Governor AI] 2025-11-03T15:00:57.066826+00:00 | Wallet rh4rU2K16aM2ow39dGP94Zi5PS9jC7oTUf Balance: unavailable
[2025-11-03T15:01:07.068625+00:00] [Governor AI] 2025-11-03T15:01:07.068409+00:00 | Wallet rh4rU2K16aM2ow39dGP94Zi5PS9jC7oTUf Balance: unavailable
[2025-11-03T15:01:17.074723+00:00] [Governor AI] 2025-11-03T15:01:17.074324+00:00 | Wallet rh4rU2K16aM2ow39dGP94Zi5PS9jC7oTUf Balance: unavailable
[2025-11-03T15:01:27.080190+00:00] [Governor AI] 2025-11-03T15:01:27.079651+00:00 | Wallet rh4rU2K16aM2ow39dGP94Zi5PS9jC7oTUf Balance: unavailable
[2025-11-03T15:01:37.084941+00:00] [Governor AI] 2025-11-03T15:01:37.084467+00:00 | Wallet rh4rU2K16aM2ow39dGP94Zi5PS9jC7oTUf Balance: unavailable
[2025-11-03T15:01:48.077252+00:00] [Governor AI] 2025-11-03T15:01:48.071864+00:00 | Wallet rh4rU2K16aM2ow39dGP94Zi5PS9jC7oTUf Balance: unavailable
[2025-11-03T15:01:49.059465+00:00] [Arb] 2025-11-03T15:01:48.079307+00:00 | No orderbook data available.
[2025-11-03T15:01:59.060600+00:00] [Governor AI] 2025-11-03T15:01:59.060321+00:00 | Wallet rh4rU2K16aM2ow39dGP94Zi5PS9jC7oTUf Balance: unavailable
[2025-11-03T15:01:59.864778+00:00] [Arb] 2025-11-03T15:01:59.061974+00:00 | No orderbook data available.
[2025-11-03T15:02:09.867970+00:00] [Governor AI] 2025-11-03T15:02:09.867678+00:00 | Wallet rh4rU2K16aM2ow39dGP94Zi5PS9jC7oTUf Balance: unavailable
[2025-11-03T15:02:10.896085+00:00] [Arb] 2025-11-03T15:02:09.869758+00:00 | No orderbook data available.
[2025-11-03T15:02:20.897992+00:00] [Governor AI] 2025-11-03T15:02:20.897664+00:00 | Wallet rh4rU2K16aM2ow39dGP94Zi5PS9jC7oTUf Balance: unavailable
[2025-11-03T15:02:21.885439+00:00] [Arb] 2025-11-03T15:02:20.899885+00:00 | No orderbook data available.
[2025-11-03T15:02:31.887422+00:00] [Governor AI] 2025-11-03T15:02:31.887143+00:00 | Wallet rh4rU2K16aM2ow39dGP94Zi5PS9jC7oTUf Balance: unavailable
[2025-11-03T15:02:32.812211+00:00] [Arb] 2025-11-03T15:02:31.888974+00:00 | No orderbook data available.
[2025-11-03T15:02:42.813136+00:00] [Governor AI] 2025-11-03T15:02:42.813051+00:00 | Wallet rh4rU2K16aM2ow39dGP94Zi5PS9jC7oTUf Balance: unavailable
[2025-11-03T15:02:43.702932+00:00] [Arb] 2025-11-03T15:02:42.813650+00:00 | No orderbook data available.
[2025-11-03T15:02:53.704310+00:00] [Governor AI] 2025-11-03T15:02:53.704045+00:00 | Wallet rh4rU2K16aM2ow39dGP94Zi5PS9jC7oTUf Balance: unavailable
[2025-11-03T15:02:54.613390+00:00] [Arb] 2025-11-03T15:02:53.705600+00:00 | No orderbook data available.
[2025-11-03T15:03:04.614948+00:00] [Governor AI] 2025-11-03T15:03:04.614689+00:00 | Wallet rh4rU2K16aM2ow39dGP94Zi5PS9jC7oTUf Balance: unavailable
[2025-11-03T15:03:05.338474+00:00] [Arb] 2025-11-03T15:03:04.616110+00:00 | No orderbook data available.
[2025-11-03T15:03:15.340584+00:00] [Governor AI] 2025-11-03T15:03:15.340318+00:00 | Wallet rh4rU2K16aM2ow39dGP94Zi5PS9jC7oTUf Balance: unavailable
[2025-11-03T15:03:16.186041+00:00] [Arb] 2025-11-03T15:03:15.341708+00:00 | No orderbook data available.
[2025-11-03T15:03:26.188952+00:00] [Governor AI] 2025-11-03T15:03:26.188578+00:00 | Wallet rh4rU2K16aM2ow39dGP94Zi5PS9jC7oTUf Balance: unavailable
[2025-11-03T15:03:26.903719+00:00] [Arb] 2025-11-03T15:03:26.190342+00:00 | No orderbook data available.
[2025-11-03T15:03:36.904933+00:00] [Governor AI] 2025-11-03T15:03:36.904799+00:00 | Wallet rh4rU2K16aM2ow39dGP94Zi5PS9jC7oTUf Balance: unavailable
[2025-11-03T15:03:37.865234+00:00] [Arb] 2025-11-03T15:03:36.905466+00:00 | No orderbook data available.
[2025-11-03T15:03:47.866599+00:00] [Governor AI] 2025-11-03T15:03:47.866340+00:00 | Wallet rh4rU2K16aM2ow39dGP94Zi5PS9jC7oTUf Balance: unavailable
[2025-11-03T15:03:48.756655+00:00] [Arb] 2025-11-03T15:03:47.867813+00:00 | No orderbook data available.
[2025-11-03T15:03:58.757956+00:00] [Governor AI] 2025-11-03T15:03:58.757681+00:00 | Wallet rh4rU2K16aM2ow39dGP94Zi5PS9jC7oTUf Balance: unavailable
[2025-11-03T15:03:59.615139+00:00] [Arb] 2025-11-03T15:03:58.759128+00:00 | No orderbook data available.
[2025-11-03T15:04:09.618129+00:00] [Governor AI] 2025-11-03T15:04:09.617876+00:00 | Wallet rh4rU2K16aM2ow39dGP94Zi5PS9jC7oTUf Balance: unavailable
[2025-11-03T15:04:10.458811+00:00] [Arb] 2025-11-03T15:04:09.619473+00:00 | No orderbook data available.
[2025-11-03T15:04:20.461316+00:00] [Governor AI] 2025-11-03T15:04:20.460905+00:00 | Wallet rh4rU2K16aM2ow39dGP94Zi5PS9jC7oTUf Balance: unavailable
[2025-11-03T15:04:21.267556+00:00] [Arb] 2025-11-03T15:04:20.463130+00:00 | No orderbook data available.
[2025-11-03T15:04:31.269089+00:00] [Governor AI] 2025-11-03T15:04:31.268782+00:00 | Wallet rh4rU2K16aM2ow39dGP94Zi5PS9jC7oTUf Balance: unavailable
[2025-11-03T15:04:32.144908+00:00] [Arb] 2025-11-03T15:04:31.270214+00:00 | No orderbook data available.
[2025-11-03T15:04:42.147771+00:00] [Governor AI] 2025-11-03T15:04:42.147523+00:00 | Wallet rh4rU2K16aM2ow39dGP94Zi5PS9jC7oTUf Balance: unavailable
[2025-11-03T15:04:42.979980+00:00] [Arb] 2025-11-03T15:04:42.149530+00:00 | No orderbook data available.
[2025-11-03T15:04:52.981260+00:00] [Governor AI] 2025-11-03T15:04:52.980959+00:00 | Wallet rh4rU2K16aM2ow39dGP94Zi5PS9jC7oTUf Balance: unavailable
[2025-11-03T15:04:53.890309+00:00] [Arb] 2025-11-03T15:04:52.982475+00:00 | No orderbook data available.
[2025-11-03T15:05:03.891316+00:00] [Governor AI] 2025-11-03T15:05:03.891038+00:00 | Wallet rh4rU2K16aM2ow39dGP94Zi5PS9jC7oTUf Balance: unavailable
[2025-11-03T15:05:04.681710+00:00] [Arb] 2025-11-03T15:05:03.894501+00:00 | No orderbook data available.
[2025-11-03T15:05:14.683244+00:00] [Governor AI] 2025-11-03T15:05:14.682996+00:00 | Wallet rh4rU2K16aM2ow39dGP94Zi5PS9jC7oTUf Balance: unavailable
[2025-11-03T15:05:15.698813+00:00] [Arb] 2025-11-03T15:05:14.684836+00:00 | No orderbook data available.
[2025-11-03T15:05:25.701070+00:00] [Governor AI] 2025-11-03T15:05:25.700339+00:00 | Wallet rh4rU2K16aM2ow39dGP94Zi5PS9jC7oTUf Balance: unavailable
[2025-11-03T15:05:26.612460+00:00] [Arb] 2025-11-03T15:05:25.702970+00:00 | No orderbook data available.
[2025-11-03T15:05:36.614317+00:00] [Governor AI] 2025-11-03T15:05:36.613881+00:00 | Wallet rh4rU2K16aM2ow39dGP94Zi5PS9jC7oTUf Balance: unavailable
[2025-11-03T15:05:37.487438+00:00] [Arb] 2025-11-03T15:05:36.615747+00:00 | No orderbook data available.
[2025-11-03T15:05:47.488877+00:00] [Governor AI] 2025-11-03T15:05:47.488451+00:00 | Wallet rh4rU2K16aM2ow39dGP94Zi5PS9jC7oTUf Balance: unavailable
[2025-11-03T15:05:48.209076+00:00] [Arb] 2025-11-03T15:05:47.490444+00:00 | No orderbook data available.
[2025-11-03T15:05:58.209948+00:00] [Governor AI] 2025-11-03T15:05:58.209866+00:00 | Wallet rh4rU2K16aM2ow39dGP94Zi5PS9jC7oTUf Balance: unavailable
[2025-11-03T15:05:59.214710+00:00] [Arb] 2025-11-03T15:05:58.214093+00:00 | No orderbook data available.
[2025-11-03T15:20:08.247042+00:00] [Governor AI] 2025-11-03T15:20:08.246936+00:00 | Wallet rpHLgNmn1GfgnGKrhREUCsMRaRWAnS5Q49 Balance: unavailable
[2025-11-03T15:20:09.076878+00:00] [Arb] 2025-11-03T15:20:08.253111+00:00 | No orderbook data available.
[2025-11-03T15:20:19.077782+00:00] [Governor AI] 2025-11-03T15:20:19.077682+00:00 | Wallet rpHLgNmn1GfgnGKrhREUCsMRaRWAnS5Q49 Balance: unavailable
[2025-11-03T15:20:19.814077+00:00] [Arb] 2025-11-03T15:20:19.078666+00:00 | No orderbook data available.
[2025-11-03T15:20:29.814688+00:00] [Governor AI] 2025-11-03T15:20:29.814553+00:00 | Wallet rpHLgNmn1GfgnGKrhREUCsMRaRWAnS5Q49 Balance: unavailable
[2025-11-03T15:20:30.479827+00:00] [Arb] 2025-11-03T15:20:29.815827+00:00 | No orderbook data available.
[2025-11-03T15:20:40.480842+00:00] [Governor AI] 2025-11-03T15:20:40.480610+00:00 | Wallet rpHLgNmn1GfgnGKrhREUCsMRaRWAnS5Q49 Balance: unavailable
[2025-11-03T15:20:41.235723+00:00] [Arb] 2025-11-03T15:20:40.481811+00:00 | No orderbook data available.
[2025-11-03T15:20:51.236553+00:00] [Governor AI] 2025-11-03T15:20:51.236479+00:00 | Wallet rpHLgNmn1GfgnGKrhREUCsMRaRWAnS5Q49 Balance: unavailable
[2025-11-03T15:20:52.038534+00:00] [Arb] 2025-11-03T15:20:51.237245+00:00 | No orderbook data available.
[2025-11-03T15:21:02.039270+00:00] [Governor AI] 2025-11-03T15:21:02.039107+00:00 | Wallet rpHLgNmn1GfgnGKrhREUCsMRaRWAnS5Q49 Balance: unavailable
[2025-11-03T15:21:02.676626+00:00] [Arb] 2025-11-03T15:21:02.040635+00:00 | No orderbook data available.
[2025-11-03T15:21:12.677591+00:00] [Governor AI] 2025-11-03T15:21:12.677387+00:00 | Wallet rpHLgNmn1GfgnGKrhREUCsMRaRWAnS5Q49 Balance: unavailable
[2025-11-03T15:21:13.491250+00:00] [Arb] 2025-11-03T15:21:12.678681+00:00 | No orderbook data available.
[2025-11-03T15:21:23.491902+00:00] [Governor AI] 2025-11-03T15:21:23.491775+00:00 | Wallet rpHLgNmn1GfgnGKrhREUCsMRaRWAnS5Q49 Balance: unavailable
[2025-11-03T15:21:24.283593+00:00] [Arb] 2025-11-03T15:21:23.493165+00:00 | No orderbook data available.
[2025-11-03T15:21:34.284337+00:00] [Governor AI] 2025-11-03T15:21:34.284182+00:00 | Wallet rpHLgNmn1GfgnGKrhREUCsMRaRWAnS5Q49 Balance: unavailable
[2025-11-03T15:21:35.221748+00:00] [Arb] 2025-11-03T15:21:34.287361+00:00 | No orderbook data available.
[2025-11-03T15:21:45.223129+00:00] [Governor AI] 2025-11-03T15:21:45.222980+00:00 | Wallet rpHLgNmn1GfgnGKrhREUCsMRaRWAnS5Q49 Balance: unavailable
[2025-11-03T15:21:46.171872+00:00] [Arb] 2025-11-03T15:21:45.224415+00:00 | No orderbook data available.
[2025-11-03T15:21:56.172872+00:00] [Governor AI] 2025-11-03T15:21:56.172730+00:00 | Wallet rpHLgNmn1GfgnGKrhREUCsMRaRWAnS5Q49 Balance: unavailable
[2025-11-03T15:21:57.164802+00:00] [Arb] 2025-11-03T15:21:56.174181+00:00 | No orderbook data available.
[2025-11-03T15:22:07.166092+00:00] [Governor AI] 2025-11-03T15:22:07.165936+00:00 | Wallet rpHLgNmn1GfgnGKrhREUCsMRaRWAnS5Q49 Balance: unavailable
[2025-11-03T15:22:07.837913+00:00] [Arb] 2025-11-03T15:22:07.169381+00:00 | No orderbook data available.
[2025-11-03T15:22:17.838910+00:00] [Governor AI] 2025-11-03T15:22:17.838821+00:00 | Wallet rpHLgNmn1GfgnGKrhREUCsMRaRWAnS5Q49 Balance: unavailable
[2025-11-03T15:22:18.515211+00:00] [Arb] 2025-11-03T15:22:17.839474+00:00 | No orderbook data available.
[2025-11-03T15:22:28.518195+00:00] [Governor AI] 2025-11-03T15:22:28.517940+00:00 | Wallet rpHLgNmn1GfgnGKrhREUCsMRaRWAnS5Q49 Balance: unavailable
[2025-11-03T15:22:29.745254+00:00] [Arb] 2025-11-03T15:22:28.519575+00:00 | No orderbook data available.
[2025-11-03T15:22:39.746058+00:00] [Governor AI] 2025-11-03T15:22:39.745920+00:00 | Wallet rpHLgNmn1GfgnGKrhREUCsMRaRWAnS5Q49 Balance: unavailable
[2025-11-03T15:22:40.638496+00:00] [Arb] 2025-11-03T15:22:39.747078+00:00 | No orderbook data available.
[2025-11-03T15:22:50.641415+00:00] [Governor AI] 2025-11-03T15:22:50.641112+00:00 | Wallet rpHLgNmn1GfgnGKrhREUCsMRaRWAnS5Q49 Balance: unavailable
[2025-11-03T15:22:51.490711+00:00] [Arb] 2025-11-03T15:22:50.642952+00:00 | No orderbook data available.
[2025-11-03T15:23:01.491476+00:00] [Governor AI] 2025-11-03T15:23:01.491357+00:00 | Wallet rpHLgNmn1GfgnGKrhREUCsMRaRWAnS5Q49 Balance: unavailable
[2025-11-03T15:23:02.144521+00:00] [Arb] 2025-11-03T15:23:01.492411+00:00 | No orderbook data available.
[2025-11-03T15:23:12.147882+00:00] [Governor AI] 2025-11-03T15:23:12.147673+00:00 | Wallet rpHLgNmn1GfgnGKrhREUCsMRaRWAnS5Q49 Balance: unavailable
[2025-11-03T15:23:13.047796+00:00] [Arb] 2025-11-03T15:23:12.149326+00:00 | No orderbook data available.
[2025-11-03T15:23:16.099580+00:00] AI strategy heartbeat at 2025-11-03T15:23:16.099501+00:00 for wallet rpHLgNmn1GfgnGKrhREUCsMRaRWAnS5Q49
[2025-11-03T15:23:26.108308+00:00] AI strategy heartbeat at 2025-11-03T15:23:26.108216+00:00 for wallet rpHLgNmn1GfgnGKrhREUCsMRaRWAnS5Q49
[2025-11-03T15:23:36.111590+00:00] AI strategy heartbeat at 2025-11-03T15:23:36.111500+00:00 for wallet rpHLgNmn1GfgnGKrhREUCsMRaRWAnS5Q49
[2025-11-03T15:23:46.116854+00:00] AI strategy heartbeat at 2025-11-03T15:23:46.116620+00:00 for wallet rpHLgNmn1GfgnGKrhREUCsMRaRWAnS5Q49
[2025-11-03T15:23:56.121418+00:00] AI strategy heartbeat at 2025-11-03T15:23:56.121329+00:00 for wallet rpHLgNmn1GfgnGKrhREUCsMRaRWAnS5Q49
[2025-11-03T15:24:06.125112+00:00] AI strategy heartbeat at 2025-11-03T15:24:06.124993+00:00 for wallet rpHLgNmn1GfgnGKrhREUCsMRaRWAnS5Q49
[2025-11-03T15:24:16.129113+00:00] AI strategy heartbeat at 2025-11-03T15:24:16.128998+00:00 for wallet rpHLgNmn1GfgnGKrhREUCsMRaRWAnS5Q49
[2025-11-03T15:24:26.132057+00:00] AI strategy heartbeat at 2025-11-03T15:24:26.131991+00:00 for wallet rpHLgNmn1GfgnGKrhREUCsMRaRWAnS5Q49
[2025-11-03T15:24:36.134176+00:00] AI strategy heartbeat at 2025-11-03T15:24:36.134097+00:00 for wallet rpHLgNmn1GfgnGKrhREUCsMRaRWAnS5Q49
[2025-11-03T15:24:46.137258+00:00] AI strategy heartbeat at 2025-11-03T15:24:46.137170+00:00 for wallet rpHLgNmn1GfgnGKrhREUCsMRaRWAnS5Q49
[2025-11-03T15:24:56.139495+00:00] AI strategy heartbeat at 2025-11-03T15:24:56.139439+00:00 for wallet rpHLgNmn1GfgnGKrhREUCsMRaRWAnS5Q49
[2025-11-03T15:25:06.141110+00:00] AI strategy heartbeat at 2025-11-03T15:25:06.141036+00:00 for wallet rpHLgNmn1GfgnGKrhREUCsMRaRWAnS5Q49
[2025-11-03T15:25:16.143379+00:00] AI strategy heartbeat at 2025-11-03T15:25:16.143307+00:00 for wallet rpHLgNmn1GfgnGKrhREUCsMRaRWAnS5Q49
[2025-11-03T15:25:26.146149+00:00] AI strategy heartbeat at 2025-11-03T15:25:26.146050+00:00 for wallet rpHLgNmn1GfgnGKrhREUCsMRaRWAnS5Q49
[2025-11-03T15:25:36.148782+00:00] AI strategy heartbeat at 2025-11-03T15:25:36.148724+00:00 for wallet rpHLgNmn1GfgnGKrhREUCsMRaRWAnS5Q49
[2025-11-03T15:25:46.150705+00:00] AI strategy heartbeat at 2025-11-03T15:25:46.150662+00:00 for wallet rpHLgNmn1GfgnGKrhREUCsMRaRWAnS5Q49
[2025-11-03T15:25:56.152535+00:00] AI strategy heartbeat at 2025-11-03T15:25:56.152484+00:00 for wallet rpHLgNmn1GfgnGKrhREUCsMRaRWAnS5Q49
[2025-11-03T15:26:06.157168+00:00] AI strategy heartbeat at 2025-11-03T15:26:06.157076+00:00 for wallet rpHLgNmn1GfgnGKrhREUCsMRaRWAnS5Q49
[2025-11-03T15:26:16.160306+00:00] AI strategy heartbeat at 2025-11-03T15:26:16.160256+00:00 for wallet rpHLgNmn1GfgnGKrhREUCsMRaRWAnS5Q49
[2025-11-03T15:26:26.161981+00:00] AI strategy heartbeat at 2025-11-03T15:26:26.161948+00:00 for wallet rpHLgNmn1GfgnGKrhREUCsMRaRWAnS5Q49
[2025-11-03T15:26:36.165288+00:00] AI strategy heartbeat at 2025-11-03T15:26:36.165223+00:00 for wallet rpHLgNmn1GfgnGKrhREUCsMRaRWAnS5Q49
[2025-11-03T15:26:46.169156+00:00] AI strategy heartbeat at 2025-11-03T15:26:46.169069+00:00 for wallet rpHLgNmn1GfgnGKrhREUCsMRaRWAnS5Q49
[2025-11-03T15:26:56.171953+00:00] AI strategy heartbeat at 2025-11-03T15:26:56.171904+00:00 for wallet rpHLgNmn1GfgnGKrhREUCsMRaRWAnS5Q49
[2025-11-03T15:27:06.174614+00:00] AI strategy heartbeat at 2025-11-03T15:27:06.174532+00:00 for wallet rpHLgNmn1GfgnGKrhREUCsMRaRWAnS5Q49
[2025-11-03T15:27:16.177643+00:00] AI strategy heartbeat at 2025-11-03T15:27:16.177543+00:00 for wallet rpHLgNmn1GfgnGKrhREUCsMRaRWAnS5Q49
[2025-11-03T15:27:26.180997+00:00] AI strategy heartbeat at 2025-11-03T15:27:26.180926+00:00 for wallet rpHLgNmn1GfgnGKrhREUCsMRaRWAnS5Q49
[2025-11-03T15:27:36.182860+00:00] AI strategy heartbeat at 2025-11-03T15:27:36.182810+00:00 for wallet rpHLgNmn1GfgnGKrhREUCsMRaRWAnS5Q49
[2025-11-03T15:27:46.184840+00:00] AI strategy heartbeat at 2025-11-03T15:27:46.184765+00:00 for wallet rpHLgNmn1GfgnGKrhREUCsMRaRWAnS5Q49
[2025-11-03T15:27:56.188659+00:00] AI strategy heartbeat at 2025-11-03T15:27:56.188602+00:00 for wallet rpHLgNmn1GfgnGKrhREUCsMRaRWAnS5Q49
[2025-11-03T15:28:06.190891+00:00] AI strategy heartbeat at 2025-11-03T15:28:06.190831+00:00 for wallet rpHLgNmn1GfgnGKrhREUCsMRaRWAnS5Q49
[2025-11-03T15:28:16.194316+00:00] AI strategy heartbeat at 2025-11-03T15:28:16.194275+00:00 for wallet rpHLgNmn1GfgnGKrhREUCsMRaRWAnS5Q49
[2025-11-03T15:28:26.197140+00:00] AI strategy heartbeat at 2025-11-03T15:28:26.197124+00:00 for wallet rpHLgNmn1GfgnGKrhREUCsMRaRWAnS5Q49
[2025-11-03T15:28:36.198749+00:00] AI strategy heartbeat at 2025-11-03T15:28:36.198638+00:00 for wallet rpHLgNmn1GfgnGKrhREUCsMRaRWAnS5Q49
[2025-11-03T15:28:46.201790+00:00] AI strategy heartbeat at 2025-11-03T15:28:46.201722+00:00 for wallet rpHLgNmn1GfgnGKrhREUCsMRaRWAnS5Q49
[2025-11-03T15:28:56.204162+00:00] AI strategy heartbeat at 2025-11-03T15:28:56.204091+00:00 for wallet rpHLgNmn1GfgnGKrhREUCsMRaRWAnS5Q49
[2025-11-03T15:29:06.208485+00:00] AI strategy heartbeat at 2025-11-03T15:29:06.208398+00:00 for wallet rpHLgNmn1GfgnGKrhREUCsMRaRWAnS5Q49
[2025-11-03T15:29:16.211261+00:00] AI strategy heartbeat at 2025-11-03T15:29:16.211183+00:00 for wallet rpHLgNmn1GfgnGKrhREUCsMRaRWAnS5Q49
[2025-11-03T15:29:24.187635+00:00] AI strategy heartbeat at 2025-11-03T15:29:23.673838+00:00 for wallet rpHLgNmn1GfgnGKrhREUCsMRaRWAnS5Q49 | Balance: 100.000000 XRP
[2025-11-03T15:29:34.803158+00:00] AI strategy heartbeat at 2025-11-03T15:29:34.189796+00:00 for wallet rpHLgNmn1GfgnGKrhREUCsMRaRWAnS5Q49 | Balance: 100.000000 XRP
[2025-11-03T15:29:45.238106+00:00] AI strategy heartbeat at 2025-11-03T15:29:44.805798+00:00 for wallet rpHLgNmn1GfgnGKrhREUCsMRaRWAnS5Q49 | Balance: 100.000000 XRP
[2025-11-03T15:29:55.789243+00:00] AI strategy heartbeat at 2025-11-03T15:29:55.240791+00:00 for wallet rpHLgNmn1GfgnGKrhREUCsMRaRWAnS5Q49 | Balance: 100.000000 XRP
[2025-11-03T15:30:06.313393+00:00] AI strategy heartbeat at 2025-11-03T15:30:05.792069+00:00 for wallet rpHLgNmn1GfgnGKrhREUCsMRaRWAnS5Q49 | Balance: 100.000000 XRP
[2025-11-03T15:30:16.668865+00:00] AI strategy heartbeat at 2025-11-03T15:30:16.315501+00:00 for wallet rpHLgNmn1GfgnGKrhREUCsMRaRWAnS5Q49 | Balance: 100.000000 XRP
[2025-11-03T15:30:27.298414+00:00] AI strategy heartbeat at 2025-11-03T15:30:26.672454+00:00 for wallet rpHLgNmn1GfgnGKrhREUCsMRaRWAnS5Q49 | Balance: 100.000000 XRP
[2025-11-03T15:30:37.653059+00:00] AI strategy heartbeat at 2025-11-03T15:30:37.302157+00:00 for wallet rpHLgNmn1GfgnGKrhREUCsMRaRWAnS5Q49 | Balance: 100.000000 XRP
[2025-11-03T15:30:48.049470+00:00] AI strategy heartbeat at 2025-11-03T15:30:47.662660+00:00 for wallet rpHLgNmn1GfgnGKrhREUCsMRaRWAnS5Q49 | Balance: 100.000000 XRP
[2025-11-03T15:30:58.463748+00:00] AI strategy heartbeat at 2025-11-03T15:30:58.053263+00:00 for wallet rpHLgNmn1GfgnGKrhREUCsMRaRWAnS5Q49 | Balance: 100.000000 XRP
[2025-11-03T15:31:09.038039+00:00] AI strategy heartbeat at 2025-11-03T15:31:08.465705+00:00 for wallet rpHLgNmn1GfgnGKrhREUCsMRaRWAnS5Q49 | Balance: 100.000000 XRP
[2025-11-03T15:31:19.469279+00:00] AI strategy heartbeat at 2025-11-03T15:31:19.042065+00:00 for wallet rpHLgNmn1GfgnGKrhREUCsMRaRWAnS5Q49 | Balance: 100.000000 XRP
[2025-11-03T15:31:29.965127+00:00] AI strategy heartbeat at 2025-11-03T15:31:29.470938+00:00 for wallet rpHLgNmn1GfgnGKrhREUCsMRaRWAnS5Q49 | Balance: 100.000000 XRP
[2025-11-03T15:31:40.436055+00:00] AI strategy heartbeat at 2025-11-03T15:31:39.966422+00:00 for wallet rpHLgNmn1GfgnGKrhREUCsMRaRWAnS5Q49 | Balance: 100.000000 XRP
[2025-11-03T15:31:50.854607+00:00] AI strategy heartbeat at 2025-11-03T15:31:50.441007+00:00 for wallet rpHLgNmn1GfgnGKrhREUCsMRaRWAnS5Q49 | Balance: 100.000000 XRP
[2025-11-03T15:32:01.294411+00:00] AI strategy heartbeat at 2025-11-03T15:32:00.857357+00:00 for wallet rpHLgNmn1GfgnGKrhREUCsMRaRWAnS5Q49 | Balance: 100.000000 XRP
[2025-11-03T15:32:11.676356+00:00] AI strategy heartbeat at 2025-11-03T15:32:11.297643+00:00 for wallet rpHLgNmn1GfgnGKrhREUCsMRaRWAnS5Q49 | Balance: 100.000000 XRP
[2025-11-03T15:32:22.076988+00:00] AI strategy heartbeat at 2025-11-03T15:32:21.678012+00:00 for wallet rpHLgNmn1GfgnGKrhREUCsMRaRWAnS5Q49 | Balance: 100.000000 XRP
[2025-11-03T15:32:32.662209+00:00] AI strategy heartbeat at 2025-11-03T15:32:32.079199+00:00 for wallet rpHLgNmn1GfgnGKrhREUCsMRaRWAnS5Q49 | Balance: 100.000000 XRP
[2025-11-03T15:32:43.168028+00:00] AI strategy heartbeat at 2025-11-03T15:32:42.664112+00:00 for wallet rpHLgNmn1GfgnGKrhREUCsMRaRWAnS5Q49 | Balance: 100.000000 XRP
[2025-11-03T15:32:53.582956+00:00] AI strategy heartbeat at 2025-11-03T15:32:53.170482+00:00 for wallet rpHLgNmn1GfgnGKrhREUCsMRaRWAnS5Q49 | Balance: 100.000000 XRP
[2025-11-03T15:33:03.990958+00:00] AI strategy heartbeat at 2025-11-03T15:33:03.584413+00:00 for wallet rpHLgNmn1GfgnGKrhREUCsMRaRWAnS5Q49 | Balance: 100.000000 XRP
[2025-11-03T15:33:14.470098+00:00] AI strategy heartbeat at 2025-11-03T15:33:13.993396+00:00 for wallet rpHLgNmn1GfgnGKrhREUCsMRaRWAnS5Q49 | Balance: 100.000000 XRP
[2025-11-03T15:33:24.834940+00:00] AI strategy heartbeat at 2025-11-03T15:33:24.471523+00:00 for wallet rpHLgNmn1GfgnGKrhREUCsMRaRWAnS5Q49 | Balance: 100.000000 XRP
[2025-11-03T15:33:35.365111+00:00] AI strategy heartbeat at 2025-11-03T15:33:34.837282+00:00 for wallet rpHLgNmn1GfgnGKrhREUCsMRaRWAnS5Q49 | Balance: 100.000000 XRP
[2025-11-03T15:33:45.756656+00:00] AI strategy heartbeat at 2025-11-03T15:33:45.366855+00:00 for wallet rpHLgNmn1GfgnGKrhREUCsMRaRWAnS5Q49 | Balance: 100.000000 XRP
[2025-11-03T15:33:45.758191+00:00] [Governor AI] Error in background loop: [Errno 5] I/O error
[2025-11-03T15:41:07.234941+00:00] AI strategy heartbeat at 2025-11-03T15:41:06.826102+00:00 for wallet rpHLgNmn1GfgnGKrhREUCsMRaRWAnS5Q49 | Balance: 100.000000 XRP
[2025-11-03T15:41:17.619774+00:00] AI strategy heartbeat at 2025-11-03T15:41:17.238973+00:00 for wallet rpHLgNmn1GfgnGKrhREUCsMRaRWAnS5Q49 | Balance: 100.000000 XRP
[2025-11-03T15:41:27.974833+00:00] AI strategy heartbeat at 2025-11-03T15:41:27.621193+00:00 for wallet rpHLgNmn1GfgnGKrhREUCsMRaRWAnS5Q49 | Balance: 100.000000 XRP
[2025-11-03T15:41:38.722894+00:00] AI strategy heartbeat at 2025-11-03T15:41:37.975841+00:00 for wallet rpHLgNmn1GfgnGKrhREUCsMRaRWAnS5Q49 | Balance: 100.000000 XRP
[2025-11-03T15:41:49.172830+00:00] AI strategy heartbeat at 2025-11-03T15:41:48.725646+00:00 for wallet rpHLgNmn1GfgnGKrhREUCsMRaRWAnS5Q49 | Balance: 100.000000 XRP
[2025-11-03T15:41:59.517620+00:00] AI strategy heartbeat at 2025-11-03T15:41:59.174647+00:00 for wallet rpHLgNmn1GfgnGKrhREUCsMRaRWAnS5Q49 | Balance: 100.000000 XRP
[2025-11-03T15:42:10.272192+00:00] AI strategy heartbeat at 2025-11-03T15:42:09.524640+00:00 for wallet rpHLgNmn1GfgnGKrhREUCsMRaRWAnS5Q49 | Balance: 100.000000 XRP
[2025-11-03T15:42:20.595958+00:00] AI strategy heartbeat at 2025-11-03T15:42:20.273729+00:00 for wallet rpHLgNmn1GfgnGKrhREUCsMRaRWAnS5Q49 | Balance: 100.000000 XRP
[2025-11-03T15:42:30.997347+00:00] AI strategy heartbeat at 2025-11-03T15:42:30.600184+00:00 for wallet rpHLgNmn1GfgnGKrhREUCsMRaRWAnS5Q49 | Balance: 100.000000 XRP
[2025-11-03T15:42:41.493872+00:00] AI strategy heartbeat at 2025-11-03T15:42:40.999879+00:00 for wallet rpHLgNmn1GfgnGKrhREUCsMRaRWAnS5Q49 | Balance: 100.000000 XRP
[2025-11-03T15:42:51.940237+00:00] AI strategy heartbeat at 2025-11-03T15:42:51.495262+00:00 for wallet rpHLgNmn1GfgnGKrhREUCsMRaRWAnS5Q49 | Balance: 100.000000 XRP
[2025-11-03T15:43:02.351042+00:00] AI strategy heartbeat at 2025-11-03T15:43:01.941353+00:00 for wallet rpHLgNmn1GfgnGKrhREUCsMRaRWAnS5Q49 | Balance: 100.000000 XRP
[2025-11-03T15:43:13.047711+00:00] AI strategy heartbeat at 2025-11-03T15:43:12.352845+00:00 for wallet rpHLgNmn1GfgnGKrhREUCsMRaRWAnS5Q49 | Balance: 100.000000 XRP
[2025-11-03T15:43:23.431747+00:00] AI strategy heartbeat at 2025-11-03T15:43:23.048871+00:00 for wallet rpHLgNmn1GfgnGKrhREUCsMRaRWAnS5Q49 | Balance: 100.000000 XRP
[2025-11-03T15:43:33.883430+00:00] AI strategy heartbeat at 2025-11-03T15:43:33.433655+00:00 for wallet rpHLgNmn1GfgnGKrhREUCsMRaRWAnS5Q49 | Balance: 100.000000 XRP
[2025-11-03T15:43:44.560144+00:00] AI strategy heartbeat at 2025-11-03T15:43:43.884215+00:00 for wallet rpHLgNmn1GfgnGKrhREUCsMRaRWAnS5Q49 | Balance: 100.000000 XRP
[2025-11-03T15:43:54.943668+00:00] AI strategy heartbeat at 2025-11-03T15:43:54.563518+00:00 for wallet rpHLgNmn1GfgnGKrhREUCsMRaRWAnS5Q49 | Balance: 100.000000 XRP
[2025-11-03T15:44:05.306494+00:00] AI strategy heartbeat at 2025-11-03T15:44:04.944720+00:00 for wallet rpHLgNmn1GfgnGKrhREUCsMRaRWAnS5Q49 | Balance: 100.000000 XRP
[2025-11-03T15:44:15.930839+00:00] AI strategy heartbeat at 2025-11-03T15:44:15.308313+00:00 for wallet rpHLgNmn1GfgnGKrhREUCsMRaRWAnS5Q49 | Balance: 100.000000 XRP
[2025-11-03T15:44:26.328232+00:00] AI strategy heartbeat at 2025-11-03T15:44:25.932664+00:00 for wallet rpHLgNmn1GfgnGKrhREUCsMRaRWAnS5Q49 | Balance: 100.000000 XRP
[2025-11-03T15:44:36.683518+00:00] AI strategy heartbeat at 2025-11-03T15:44:36.329183+00:00 for wallet rpHLgNmn1GfgnGKrhREUCsMRaRWAnS5Q49 | Balance: 100.000000 XRP
[2025-11-03T15:44:47.570431+00:00] AI strategy heartbeat at 2025-11-03T15:44:46.686206+00:00 for wallet rpHLgNmn1GfgnGKrhREUCsMRaRWAnS5Q49 | Balance: 100.000000 XRP
[2025-11-03T15:44:57.960058+00:00] AI strategy heartbeat at 2025-11-03T15:44:57.571672+00:00 for wallet rpHLgNmn1GfgnGKrhREUCsMRaRWAnS5Q49 | Balance: 100.000000 XRP
[2025-11-03T15:45:08.355019+00:00] AI strategy heartbeat at 2025-11-03T15:45:07.961064+00:00 for wallet rpHLgNmn1GfgnGKrhREUCsMRaRWAnS5Q49 | Balance: 100.000000 XRP
[2025-11-03T15:45:19.143987+00:00] AI strategy heartbeat at 2025-11-03T15:45:18.358010+00:00 for wallet rpHLgNmn1GfgnGKrhREUCsMRaRWAnS5Q49 | Balance: 100.000000 XRP
[2025-11-03T15:45:29.525751+00:00] AI strategy heartbeat at 2025-11-03T15:45:29.145581+00:00 for wallet rpHLgNmn1GfgnGKrhREUCsMRaRWAnS5Q49 | Balance: 100.000000 XRP
[2025-11-03T15:45:39.911168+00:00] AI strategy heartbeat at 2025-11-03T15:45:39.526505+00:00 for wallet rpHLgNmn1GfgnGKrhREUCsMRaRWAnS5Q49 | Balance: 100.000000 XRP
[2025-11-03T15:45:50.327855+00:00] AI strategy heartbeat at 2025-11-03T15:45:49.912243+00:00 for wallet rpHLgNmn1GfgnGKrhREUCsMRaRWAnS5Q49 | Balance: 100.000000 XRP
[2025-11-03T15:46:00.722296+00:00] AI strategy heartbeat at 2025-11-03T15:46:00.329539+00:00 for wallet rpHLgNmn1GfgnGKrhREUCsMRaRWAnS5Q49 | Balance: 100.000000 XRP
[2025-11-03T15:46:11.263169+00:00] AI strategy heartbeat at 2025-11-03T15:46:10.723345+00:00 for wallet rpHLgNmn1GfgnGKrhREUCsMRaRWAnS5Q49 | Balance: 100.000000 XRP
[2025-11-03T15:46:21.966075+00:00] AI strategy heartbeat at 2025-11-03T15:46:21.264818+00:00 for wallet rpHLgNmn1GfgnGKrhREUCsMRaRWAnS5Q49 | Balance: 100.000000 XRP
[2025-11-03T15:46:32.392843+00:00] AI strategy heartbeat at 2025-11-03T15:46:31.969585+00:00 for wallet rpHLgNmn1GfgnGKrhREUCsMRaRWAnS5Q49 | Balance: 100.000000 XRP
[2025-11-03T15:46:42.822033+00:00] AI strategy heartbeat at 2025-11-03T15:46:42.393913+00:00 for wallet rpHLgNmn1GfgnGKrhREUCsMRaRWAnS5Q49 | Balance: 100.000000 XRP
[2025-11-03T15:46:53.309328+00:00] AI strategy heartbeat at 2025-11-03T15:46:52.823660+00:00 for wallet rpHLgNmn1GfgnGKrhREUCsMRaRWAnS5Q49 | Balance: 100.000000 XRP
[2025-11-03T15:47:03.730437+00:00] AI strategy heartbeat at 2025-11-03T15:47:03.311746+00:00 for wallet rpHLgNmn1GfgnGKrhREUCsMRaRWAnS5Q49 | Balance: 100.000000 XRP
[2025-11-03T15:47:14.088189+00:00] AI strategy heartbeat at 2025-11-03T15:47:13.731325+00:00 for wallet rpHLgNmn1GfgnGKrhREUCsMRaRWAnS5Q49 | Balance: 100.000000 XRP
[2025-11-03T15:47:24.862232+00:00] AI strategy heartbeat at 2025-11-03T15:47:24.090121+00:00 for wallet rpHLgNmn1GfgnGKrhREUCsMRaRWAnS5Q49 | Balance: 100.000000 XRP
[2025-11-03T15:47:35.298011+00:00] AI strategy heartbeat at 2025-11-03T15:47:34.864314+00:00 for wallet rpHLgNmn1GfgnGKrhREUCsMRaRWAnS5Q49 | Balance: 100.000000 XRP
[2025-11-03T15:47:45.672900+00:00] AI strategy heartbeat at 2025-11-03T15:47:45.299337+00:00 for wallet rpHLgNmn1GfgnGKrhREUCsMRaRWAnS5Q49 | Balance: 100.000000 XRP
[2025-11-03T15:47:56.142101+00:00] AI strategy heartbeat at 2025-11-03T15:47:55.675131+00:00 for wallet rpHLgNmn1GfgnGKrhREUCsMRaRWAnS5Q49 | Balance: 100.000000 XRP
[2025-11-03T15:48:06.502930+00:00] AI strategy heartbeat at 2025-11-03T15:48:06.144403+00:00 for wallet rpHLgNmn1GfgnGKrhREUCsMRaRWAnS5Q49 | Balance: 100.000000 XRP
[2025-11-03T15:48:16.819230+00:00] AI strategy heartbeat at 2025-11-03T15:48:16.505072+00:00 for wallet rpHLgNmn1GfgnGKrhREUCsMRaRWAnS5Q49 | Balance: 100.000000 XRP
[2025-11-03T15:48:27.591321+00:00] AI strategy heartbeat at 2025-11-03T15:48:26.820447+00:00 for wallet rpHLgNmn1GfgnGKrhREUCsMRaRWAnS5Q49 | Balance: 100.000000 XRP
[2025-11-03T15:48:37.924249+00:00] AI strategy heartbeat at 2025-11-03T15:48:37.594497+00:00 for wallet rpHLgNmn1GfgnGKrhREUCsMRaRWAnS5Q49 | Balance: 100.000000 XRP
[2025-11-03T15:48:48.358512+00:00] AI strategy heartbeat at 2025-11-03T15:48:47.925322+00:00 for wallet rpHLgNmn1GfgnGKrhREUCsMRaRWAnS5Q49 | Balance: 100.000000 XRP
[2025-11-03T15:48:59.149463+00:00] AI strategy heartbeat at 2025-11-03T15:48:58.360138+00:00 for wallet rpHLgNmn1GfgnGKrhREUCsMRaRWAnS5Q49 | Balance: 100.000000 XRP
[2025-11-03T15:49:09.539038+00:00] AI strategy heartbeat at 2025-11-03T15:49:09.151399+00:00 for wallet rpHLgNmn1GfgnGKrhREUCsMRaRWAnS5Q49 | Balance: 100.000000 XRP
[2025-11-03T15:49:19.946291+00:00] AI strategy heartbeat at 2025-11-03T15:49:19.540471+00:00 for wallet rpHLgNmn1GfgnGKrhREUCsMRaRWAnS5Q49 | Balance: 100.000000 XRP
[2025-11-03T15:49:30.694501+00:00] AI strategy heartbeat at 2025-11-03T15:49:29.949232+00:00 for wallet rpHLgNmn1GfgnGKrhREUCsMRaRWAnS5Q49 | Balance: 100.000000 XRP
[2025-11-03T15:49:41.135565+00:00] AI strategy heartbeat at 2025-11-03T15:49:40.695845+00:00 for wallet rpHLgNmn1GfgnGKrhREUCsMRaRWAnS5Q49 | Balance: 100.000000 XRP
[2025-11-03T15:49:51.523197+00:00] AI strategy heartbeat at 2025-11-03T15:49:51.138622+00:00 for wallet rpHLgNmn1GfgnGKrhREUCsMRaRWAnS5Q49 | Balance: 100.000000 XRP
[2025-11-03T15:50:02.116592+00:00] AI strategy heartbeat at 2025-11-03T15:50:01.524086+00:00 for wallet rpHLgNmn1GfgnGKrhREUCsMRaRWAnS5Q49 | Balance: 100.000000 XRP
[2025-11-03T15:50:12.586091+00:00] AI strategy heartbeat at 2025-11-03T15:50:12.120354+00:00 for wallet rpHLgNmn1GfgnGKrhREUCsMRaRWAnS5Q49 | Balance: 100.000000 XRP
[2025-11-03T15:50:23.024585+00:00] AI strategy heartbeat at 2025-11-03T15:50:22.588968+00:00 for wallet rpHLgNmn1GfgnGKrhREUCsMRaRWAnS5Q49 | Balance: 100.000000 XRP
[2025-11-03T15:50:36.704888+00:00] AI strategy heartbeat at 2025-11-03T15:50:33.025893+00:00 for wallet rpHLgNmn1GfgnGKrhREUCsMRaRWAnS5Q49 | Balance: 100.000000 XRP
[2025-11-03T15:50:47.107233+00:00] AI strategy heartbeat at 2025-11-03T15:50:46.707671+00:00 for wallet rpHLgNmn1GfgnGKrhREUCsMRaRWAnS5Q49 | Balance: 100.000000 XRP
[2025-11-03T15:50:57.484057+00:00] AI strategy heartbeat at 2025-11-03T15:50:57.108791+00:00 for wallet rpHLgNmn1GfgnGKrhREUCsMRaRWAnS5Q49 | Balance: 100.000000 XRP
[2025-11-03T15:51:08.166480+00:00] AI strategy heartbeat at 2025-11-03T15:51:07.487972+00:00 for wallet rpHLgNmn1GfgnGKrhREUCsMRaRWAnS5Q49 | Balance: 100.000000 XRP
[2025-11-03T15:51:18.620258+00:00] AI strategy heartbeat at 2025-11-03T15:51:18.168044+00:00 for wallet rpHLgNmn1GfgnGKrhREUCsMRaRWAnS5Q49 | Balance: 100.000000 XRP
[2025-11-03T15:51:29.037724+00:00] AI strategy heartbeat at 2025-11-03T15:51:28.622206+00:00 for wallet rpHLgNmn1GfgnGKrhREUCsMRaRWAnS5Q49 | Balance: 100.000000 XRP
[2025-11-03T15:51:39.808471+00:00] AI strategy heartbeat at 2025-11-03T15:51:39.039087+00:00 for wallet rpHLgNmn1GfgnGKrhREUCsMRaRWAnS5Q49 | Balance: 100.000000 XRP
[2025-11-03T15:51:50.211684+00:00] AI strategy heartbeat at 2025-11-03T15:51:49.810836+00:00 for wallet rpHLgNmn1GfgnGKrhREUCsMRaRWAnS5Q49 | Balance: 100.000000 XRP
[2025-11-03T15:52:00.602051+00:00] AI strategy heartbeat at 2025-11-03T15:52:00.212991+00:00 for wallet rpHLgNmn1GfgnGKrhREUCsMRaRWAnS5Q49 | Balance: 100.000000 XRP
[2025-11-03T15:52:11.309363+00:00] AI strategy heartbeat at 2025-11-03T15:52:10.602905+00:00 for wallet rpHLgNmn1GfgnGKrhREUCsMRaRWAnS5Q49 | Balance: 100.000000 XRP
[2025-11-03T15:52:21.698567+00:00] AI strategy heartbeat at 2025-11-03T15:52:21.312934+00:00 for wallet rpHLgNmn1GfgnGKrhREUCsMRaRWAnS5Q49 | Balance: 100.000000 XRP
[2025-11-03T15:52:32.122232+00:00] AI strategy heartbeat at 2025-11-03T15:52:31.700522+00:00 for wallet rpHLgNmn1GfgnGKrhREUCsMRaRWAnS5Q49 | Balance: 100.000000 XRP
[2025-11-03T15:52:42.842539+00:00] AI strategy heartbeat at 2025-11-03T15:52:42.123649+00:00 for wallet rpHLgNmn1GfgnGKrhREUCsMRaRWAnS5Q49 | Balance: 100.000000 XRP
[2025-11-03T15:52:53.222588+00:00] AI strategy heartbeat at 2025-11-03T15:52:52.846283+00:00 for wallet rpHLgNmn1GfgnGKrhREUCsMRaRWAnS5Q49 | Balance: 100.000000 XRP
[2025-11-03T15:53:03.569348+00:00] AI strategy heartbeat at 2025-11-03T15:53:03.225456+00:00 for wallet rpHLgNmn1GfgnGKrhREUCsMRaRWAnS5Q49 | Balance: 100.000000 XRP
[2025-11-03T15:53:14.019651+00:00] AI strategy heartbeat at 2025-11-03T15:53:13.570771+00:00 for wallet rpHLgNmn1GfgnGKrhREUCsMRaRWAnS5Q49 | Balance: 100.000000 XRP
[2025-11-03T15:53:24.463825+00:00] AI strategy heartbeat at 2025-11-03T15:53:24.021090+00:00 for wallet rpHLgNmn1GfgnGKrhREUCsMRaRWAnS5Q49 | Balance: 100.000000 XRP
[2025-11-03T15:53:34.828426+00:00] AI strategy heartbeat at 2025-11-03T15:53:34.465883+00:00 for wallet rpHLgNmn1GfgnGKrhREUCsMRaRWAnS5Q49 | Balance: 100.000000 XRP
[2025-11-03T15:53:46.848851+00:00] AI strategy heartbeat at 2025-11-03T15:53:44.830228+00:00 for wallet rpHLgNmn1GfgnGKrhREUCsMRaRWAnS5Q49 | Balance: 100.000000 XRP
[2025-11-03T15:53:57.239005+00:00] AI strategy heartbeat at 2025-11-03T15:53:56.849973+00:00 for wallet rpHLgNmn1GfgnGKrhREUCsMRaRWAnS5Q49 | Balance: 100.000000 XRP
[2025-11-03T15:54:07.638508+00:00] AI strategy heartbeat at 2025-11-03T15:54:07.241026+00:00 for wallet rpHLgNmn1GfgnGKrhREUCsMRaRWAnS5Q49 | Balance: 100.000000 XRP
[2025-11-03T15:54:18.315338+00:00] AI strategy heartbeat at 2025-11-03T15:54:17.639993+00:00 for wallet rpHLgNmn1GfgnGKrhREUCsMRaRWAnS5Q49 | Balance: 100.000000 XRP
[2025-11-03T15:54:28.656877+00:00] AI strategy heartbeat at 2025-11-03T15:54:28.316854+00:00 for wallet rpHLgNmn1GfgnGKrhREUCsMRaRWAnS5Q49 | Balance: 100.000000 XRP
[2025-11-03T15:54:39.107240+00:00] AI strategy heartbeat at 2025-11-03T15:54:38.659040+00:00 for wallet rpHLgNmn1GfgnGKrhREUCsMRaRWAnS5Q49 | Balance: 100.000000 XRP
[2025-11-03T15:54:49.703048+00:00] AI strategy heartbeat at 2025-11-03T15:54:49.108916+00:00 for wallet rpHLgNmn1GfgnGKrhREUCsMRaRWAnS5Q49 | Balance: 100.000000 XRP
[2025-11-03T15:55:00.108787+00:00] AI strategy heartbeat at 2025-11-03T15:54:59.704872+00:00 for wallet rpHLgNmn1GfgnGKrhREUCsMRaRWAnS5Q49 | Balance: 100.000000 XRP
[2025-11-03T15:55:10.451809+00:00] AI strategy heartbeat at 2025-11-03T15:55:10.110840+00:00 for wallet rpHLgNmn1GfgnGKrhREUCsMRaRWAnS5Q49 | Balance: 100.000000 XRP
[2025-11-03T15:55:20.773560+00:00] AI strategy heartbeat at 2025-11-03T15:55:20.452864+00:00 for wallet rpHLgNmn1GfgnGKrhREUCsMRaRWAnS5Q49 | Balance: 100.000000 XRP
[2025-11-03T15:55:20.775396+00:00] [Governor AI] Error in background loop: [Errno 5] I/O error
[2025-11-03T16:01:58.792683+00:00] AI strategy heartbeat at 2025-11-03T16:01:58.381742+00:00 for wallet rpHLgNmn1GfgnGKrhREUCsMRaRWAnS5Q49 | Balance: 100.000000 XRP
[2025-11-03T16:02:09.161088+00:00] AI strategy heartbeat at 2025-11-03T16:02:08.798012+00:00 for wallet rpHLgNmn1GfgnGKrhREUCsMRaRWAnS5Q49 | Balance: 100.000000 XRP
[2025-11-03T16:02:19.601076+00:00] AI strategy heartbeat at 2025-11-03T16:02:19.161898+00:00 for wallet rpHLgNmn1GfgnGKrhREUCsMRaRWAnS5Q49 | Balance: 100.000000 XRP
[2025-11-03T16:02:30.012199+00:00] AI strategy heartbeat at 2025-11-03T16:02:29.602939+00:00 for wallet rpHLgNmn1GfgnGKrhREUCsMRaRWAnS5Q49 | Balance: 100.000000 XRP
[2025-11-03T16:02:40.388592+00:00] AI strategy heartbeat at 2025-11-03T16:02:40.013821+00:00 for wallet rpHLgNmn1GfgnGKrhREUCsMRaRWAnS5Q49 | Balance: 100.000000 XRP
[2025-11-03T16:02:50.776461+00:00] AI strategy heartbeat at 2025-11-03T16:02:50.391662+00:00 for wallet rpHLgNmn1GfgnGKrhREUCsMRaRWAnS5Q49 | Balance: 100.000000 XRP
[2025-11-03T16:03:02.005731+00:00] AI strategy heartbeat at 2025-11-03T16:03:00.778229+00:00 for wallet rpHLgNmn1GfgnGKrhREUCsMRaRWAnS5Q49 | Balance: 100.000000 XRP
[2025-11-03T16:03:12.447009+00:00] AI strategy heartbeat at 2025-11-03T16:03:12.007030+00:00 for wallet rpHLgNmn1GfgnGKrhREUCsMRaRWAnS5Q49 | Balance: 100.000000 XRP
[2025-11-03T16:03:22.835258+00:00] AI strategy heartbeat at 2025-11-03T16:03:22.448576+00:00 for wallet rpHLgNmn1GfgnGKrhREUCsMRaRWAnS5Q49 | Balance: 100.000000 XRP
[2025-11-03T16:03:33.547776+00:00] AI strategy heartbeat at 2025-11-03T16:03:32.837477+00:00 for wallet rpHLgNmn1GfgnGKrhREUCsMRaRWAnS5Q49 | Balance: 100.000000 XRP
[2025-11-03T16:03:43.918939+00:00] AI strategy heartbeat at 2025-11-03T16:03:43.548483+00:00 for wallet rpHLgNmn1GfgnGKrhREUCsMRaRWAnS5Q49 | Balance: 100.000000 XRP
[2025-11-03T16:03:54.281921+00:00] AI strategy heartbeat at 2025-11-03T16:03:53.919790+00:00 for wallet rpHLgNmn1GfgnGKrhREUCsMRaRWAnS5Q49 | Balance: 100.000000 XRP
[2025-11-03T16:04:10.808720+00:00] AI strategy heartbeat at 2025-11-03T16:04:10.356299+00:00 for wallet rpHLgNmn1GfgnGKrhREUCsMRaRWAnS5Q49 | Balance: 100.000000 XRP
[2025-11-03T16:04:21.226533+00:00] AI strategy heartbeat at 2025-11-03T16:04:20.810970+00:00 for wallet rpHLgNmn1GfgnGKrhREUCsMRaRWAnS5Q49 | Balance: 100.000000 XRP
[2025-11-03T16:04:31.555552+00:00] AI strategy heartbeat at 2025-11-03T16:04:31.228515+00:00 for wallet rpHLgNmn1GfgnGKrhREUCsMRaRWAnS5Q49 | Balance: 100.000000 XRP
[2025-11-03T16:04:41.954526+00:00] AI strategy heartbeat at 2025-11-03T16:04:41.556380+00:00 for wallet rpHLgNmn1GfgnGKrhREUCsMRaRWAnS5Q49 | Balance: 100.000000 XRP
[2025-11-03T16:04:52.395310+00:00] AI strategy heartbeat at 2025-11-03T16:04:51.957760+00:00 for wallet rpHLgNmn1GfgnGKrhREUCsMRaRWAnS5Q49 | Balance: 100.000000 XRP
[2025-11-03T16:05:02.828640+00:00] AI strategy heartbeat at 2025-11-03T16:05:02.397325+00:00 for wallet rpHLgNmn1GfgnGKrhREUCsMRaRWAnS5Q49 | Balance: 100.000000 XRP
[2025-11-03T16:05:13.335502+00:00] AI strategy heartbeat at 2025-11-03T16:05:12.830211+00:00 for wallet rpHLgNmn1GfgnGKrhREUCsMRaRWAnS5Q49 | Balance: 100.000000 XRP
[2025-11-03T16:05:23.813687+00:00] AI strategy heartbeat at 2025-11-03T16:05:23.337217+00:00 for wallet rpHLgNmn1GfgnGKrhREUCsMRaRWAnS5Q49 | Balance: 100.000000 XRP
[2025-11-03T16:05:34.147773+00:00] AI strategy heartbeat at 2025-11-03T16:05:33.815131+00:00 for wallet rpHLgNmn1GfgnGKrhREUCsMRaRWAnS5Q49 | Balance: 100.000000 XRP
[2025-11-03T16:05:44.826899+00:00] AI strategy heartbeat at 2025-11-03T16:05:44.149364+00:00 for wallet rpHLgNmn1GfgnGKrhREUCsMRaRWAnS5Q49 | Balance: 100.000000 XRP
[2025-11-03T16:05:55.147585+00:00] AI strategy heartbeat at 2025-11-03T16:05:54.828115+00:00 for wallet rpHLgNmn1GfgnGKrhREUCsMRaRWAnS5Q49 | Balance: 100.000000 XRP
[2025-11-03T16:06:05.528525+00:00] AI strategy heartbeat at 2025-11-03T16:06:05.149297+00:00 for wallet rpHLgNmn1GfgnGKrhREUCsMRaRWAnS5Q49 | Balance: 100.000000 XRP
[2025-11-03T16:06:15.937438+00:00] AI strategy heartbeat at 2025-11-03T16:06:15.531001+00:00 for wallet rpHLgNmn1GfgnGKrhREUCsMRaRWAnS5Q49 | Balance: 100.000000 XRP
[2025-11-03T16:06:26.257041+00:00] AI strategy heartbeat at 2025-11-03T16:06:25.943658+00:00 for wallet rpHLgNmn1GfgnGKrhREUCsMRaRWAnS5Q49 | Balance: 100.000000 XRP
[2025-11-03T16:06:36.626338+00:00] AI strategy heartbeat at 2025-11-03T16:06:36.257717+00:00 for wallet rpHLgNmn1GfgnGKrhREUCsMRaRWAnS5Q49 | Balance: 100.000000 XRP
[2025-11-03T16:06:47.177124+00:00] AI strategy heartbeat at 2025-11-03T16:06:46.627647+00:00 for wallet rpHLgNmn1GfgnGKrhREUCsMRaRWAnS5Q49 | Balance: 100.000000 XRP
[2025-11-03T16:06:57.523384+00:00] AI strategy heartbeat at 2025-11-03T16:06:57.178404+00:00 for wallet rpHLgNmn1GfgnGKrhREUCsMRaRWAnS5Q49 | Balance: 100.000000 XRP
[2025-11-03T16:07:07.883011+00:00] AI strategy heartbeat at 2025-11-03T16:07:07.525313+00:00 for wallet rpHLgNmn1GfgnGKrhREUCsMRaRWAnS5Q49 | Balance: 100.000000 XRP
[2025-11-03T16:07:18.418218+00:00] AI strategy heartbeat at 2025-11-03T16:07:17.884486+00:00 for wallet rpHLgNmn1GfgnGKrhREUCsMRaRWAnS5Q49 | Balance: 100.000000 XRP
[2025-11-03T16:07:28.781748+00:00] AI strategy heartbeat at 2025-11-03T16:07:28.420421+00:00 for wallet rpHLgNmn1GfgnGKrhREUCsMRaRWAnS5Q49 | Balance: 100.000000 XRP
[2025-11-03T16:07:39.259842+00:00] AI strategy heartbeat at 2025-11-03T16:07:38.783236+00:00 for wallet rpHLgNmn1GfgnGKrhREUCsMRaRWAnS5Q49 | Balance: 100.000000 XRP
[2025-11-03T16:07:49.690080+00:00] AI strategy heartbeat at 2025-11-03T16:07:49.261570+00:00 for wallet rpHLgNmn1GfgnGKrhREUCsMRaRWAnS5Q49 | Balance: 100.000000 XRP
[2025-11-03T16:08:00.077985+00:00] AI strategy heartbeat at 2025-11-03T16:07:59.691586+00:00 for wallet rpHLgNmn1GfgnGKrhREUCsMRaRWAnS5Q49 | Balance: 100.000000 XRP
[2025-11-03T16:08:10.488137+00:00] AI strategy heartbeat at 2025-11-03T16:08:10.079254+00:00 for wallet rpHLgNmn1GfgnGKrhREUCsMRaRWAnS5Q49 | Balance: 100.000000 XRP
[2025-11-03T16:08:21.288497+00:00] AI strategy heartbeat at 2025-11-03T16:08:20.488845+00:00 for wallet rpHLgNmn1GfgnGKrhREUCsMRaRWAnS5Q49 | Balance: 100.000000 XRP
[2025-11-03T16:08:31.656488+00:00] AI strategy heartbeat at 2025-11-03T16:08:31.290374+00:00 for wallet rpHLgNmn1GfgnGKrhREUCsMRaRWAnS5Q49 | Balance: 100.000000 XRP
[2025-11-03T16:08:42.058941+00:00] AI strategy heartbeat at 2025-11-03T16:08:41.658872+00:00 for wallet rpHLgNmn1GfgnGKrhREUCsMRaRWAnS5Q49 | Balance: 100.000000 XRP
[2025-11-03T16:08:52.725623+00:00] AI strategy heartbeat at 2025-11-03T16:08:52.061246+00:00 for wallet rpHLgNmn1GfgnGKrhREUCsMRaRWAnS5Q49 | Balance: 100.000000 XRP
[2025-11-03T16:09:03.151360+00:00] AI strategy heartbeat at 2025-11-03T16:09:02.726703+00:00 for wallet rpHLgNmn1GfgnGKrhREUCsMRaRWAnS5Q49 | Balance: 100.000000 XRP
[2025-11-03T16:09:13.692528+00:00] AI strategy heartbeat at 2025-11-03T16:09:13.153957+00:00 for wallet rpHLgNmn1GfgnGKrhREUCsMRaRWAnS5Q49 | Balance: 100.000000 XRP
[2025-11-03T16:09:24.481206+00:00] AI strategy heartbeat at 2025-11-03T16:09:23.693593+00:00 for wallet rpHLgNmn1GfgnGKrhREUCsMRaRWAnS5Q49 | Balance: 100.000000 XRP
[2025-11-03T16:09:34.886090+00:00] AI strategy heartbeat at 2025-11-03T16:09:34.483066+00:00 for wallet rpHLgNmn1GfgnGKrhREUCsMRaRWAnS5Q49 | Balance: 100.000000 XRP
[2025-11-03T16:09:45.300468+00:00] AI strategy heartbeat at 2025-11-03T16:09:44.887498+00:00 for wallet rpHLgNmn1GfgnGKrhREUCsMRaRWAnS5Q49 | Balance: 100.000000 XRP
[2025-11-03T16:09:56.091629+00:00] AI strategy heartbeat at 2025-11-03T16:09:55.301469+00:00 for wallet rpHLgNmn1GfgnGKrhREUCsMRaRWAnS5Q49 | Balance: 100.000000 XRP
[2025-11-03T16:10:06.509289+00:00] AI strategy heartbeat at 2025-11-03T16:10:06.093536+00:00 for wallet rpHLgNmn1GfgnGKrhREUCsMRaRWAnS5Q49 | Balance: 100.000000 XRP
[2025-11-03T16:10:16.853897+00:00] AI strategy heartbeat at 2025-11-03T16:10:16.510993+00:00 for wallet rpHLgNmn1GfgnGKrhREUCsMRaRWAnS5Q49 | Balance: 100.000000 XRP
[2025-11-03T16:10:27.509781+00:00] AI strategy heartbeat at 2025-11-03T16:10:26.854649+00:00 for wallet rpHLgNmn1GfgnGKrhREUCsMRaRWAnS5Q49 | Balance: 100.000000 XRP
[2025-11-03T16:10:37.875023+00:00] AI strategy heartbeat at 2025-11-03T16:10:37.510451+00:00 for wallet rpHLgNmn1GfgnGKrhREUCsMRaRWAnS5Q49 | Balance: 100.000000 XRP
[2025-11-03T16:10:48.247088+00:00] AI strategy heartbeat at 2025-11-03T16:10:47.880268+00:00 for wallet rpHLgNmn1GfgnGKrhREUCsMRaRWAnS5Q49 | Balance: 100.000000 XRP
[2025-11-03T16:10:58.658642+00:00] AI strategy heartbeat at 2025-11-03T16:10:58.247817+00:00 for wallet rpHLgNmn1GfgnGKrhREUCsMRaRWAnS5Q49 | Balance: 100.000000 XRP
[2025-11-03T16:11:09.105610+00:00] AI strategy heartbeat at 2025-11-03T16:11:08.659466+00:00 for wallet rpHLgNmn1GfgnGKrhREUCsMRaRWAnS5Q49 | Balance: 100.000000 XRP
[2025-11-03T16:11:19.528739+00:00] AI strategy heartbeat at 2025-11-03T16:11:19.106975+00:00 for wallet rpHLgNmn1GfgnGKrhREUCsMRaRWAnS5Q49 | Balance: 100.000000 XRP
[2025-11-03T16:11:30.392316+00:00] AI strategy heartbeat at 2025-11-03T16:11:29.530420+00:00 for wallet rpHLgNmn1GfgnGKrhREUCsMRaRWAnS5Q49 | Balance: 100.000000 XRP
[2025-11-03T16:11:40.771758+00:00] AI strategy heartbeat at 2025-11-03T16:11:40.394722+00:00 for wallet rpHLgNmn1GfgnGKrhREUCsMRaRWAnS5Q49 | Balance: 100.000000 XRP
[2025-11-03T16:11:51.186767+00:00] AI strategy heartbeat at 2025-11-03T16:11:50.773141+00:00 for wallet rpHLgNmn1GfgnGKrhREUCsMRaRWAnS5Q49 | Balance: 100.000000 XRP
[2025-11-03T16:12:01.850693+00:00] AI strategy heartbeat at 2025-11-03T16:12:01.188132+00:00 for wallet rpHLgNmn1GfgnGKrhREUCsMRaRWAnS5Q49 | Balance: 100.000000 XRP
[2025-11-03T16:12:12.226470+00:00] AI strategy heartbeat at 2025-11-03T16:12:11.852567+00:00 for wallet rpHLgNmn1GfgnGKrhREUCsMRaRWAnS5Q49 | Balance: 100.000000 XRP
[2025-11-03T16:12:22.608959+00:00] AI strategy heartbeat at 2025-11-03T16:12:22.227799+00:00 for wallet rpHLgNmn1GfgnGKrhREUCsMRaRWAnS5Q49 | Balance: 100.000000 XRP
[2025-11-03T16:12:33.142170+00:00] AI strategy heartbeat at 2025-11-03T16:12:32.609829+00:00 for wallet rpHLgNmn1GfgnGKrhREUCsMRaRWAnS5Q49 | Balance: 100.000000 XRP
[2025-11-03T16:12:43.501470+00:00] AI strategy heartbeat at 2025-11-03T16:12:43.143382+00:00 for wallet rpHLgNmn1GfgnGKrhREUCsMRaRWAnS5Q49 | Balance: 100.000000 XRP
[2025-11-03T16:12:53.869822+00:00] AI strategy heartbeat at 2025-11-03T16:12:53.502885+00:00 for wallet rpHLgNmn1GfgnGKrhREUCsMRaRWAnS5Q49 | Balance: 100.000000 XRP
[2025-11-03T16:13:04.268790+00:00] AI strategy heartbeat at 2025-11-03T16:13:03.870555+00:00 for wallet rpHLgNmn1GfgnGKrhREUCsMRaRWAnS5Q49 | Balance: 100.000000 XRP
[2025-11-03T16:13:14.703853+00:00] AI strategy heartbeat at 2025-11-03T16:13:14.270400+00:00 for wallet rpHLgNmn1GfgnGKrhREUCsMRaRWAnS5Q49 | Balance: 100.000000 XRP
[2025-11-03T16:13:25.096958+00:00] AI strategy heartbeat at 2025-11-03T16:13:24.705415+00:00 for wallet rpHLgNmn1GfgnGKrhREUCsMRaRWAnS5Q49 | Balance: 100.000000 XRP
[2025-11-03T16:13:38.792289+00:00] AI strategy heartbeat at 2025-11-03T16:13:35.099534+00:00 for wallet rpHLgNmn1GfgnGKrhREUCsMRaRWAnS5Q49 | Balance: 100.000000 XRP
[2025-11-03T16:13:49.232374+00:00] AI strategy heartbeat at 2025-11-03T16:13:48.793846+00:00 for wallet rpHLgNmn1GfgnGKrhREUCsMRaRWAnS5Q49 | Balance: 100.000000 XRP
[2025-11-03T16:13:59.582722+00:00] AI strategy heartbeat at 2025-11-03T16:13:59.233795+00:00 for wallet rpHLgNmn1GfgnGKrhREUCsMRaRWAnS5Q49 | Balance: 100.000000 XRP
[2025-11-03T16:14:09.983218+00:00] AI strategy heartbeat at 2025-11-03T16:14:09.584298+00:00 for wallet rpHLgNmn1GfgnGKrhREUCsMRaRWAnS5Q49 | Balance: 100.000000 XRP
[2025-11-03T16:14:20.365833+00:00] AI strategy heartbeat at 2025-11-03T16:14:19.984576+00:00 for wallet rpHLgNmn1GfgnGKrhREUCsMRaRWAnS5Q49 | Balance: 100.000000 XRP
[2025-11-03T16:14:30.737207+00:00] AI strategy heartbeat at 2025-11-03T16:14:30.367086+00:00 for wallet rpHLgNmn1GfgnGKrhREUCsMRaRWAnS5Q49 | Balance: 100.000000 XRP
[2025-11-03T16:14:41.189238+00:00] AI strategy heartbeat at 2025-11-03T16:14:40.738389+00:00 for wallet rpHLgNmn1GfgnGKrhREUCsMRaRWAnS5Q49 | Balance: 100.000000 XRP
[2025-11-03T16:14:51.625774+00:00] AI strategy heartbeat at 2025-11-03T16:14:51.192487+00:00 for wallet rpHLgNmn1GfgnGKrhREUCsMRaRWAnS5Q49 | Balance: 100.000000 XRP
[2025-11-03T16:15:02.031605+00:00] AI strategy heartbeat at 2025-11-03T16:15:01.626787+00:00 for wallet rpHLgNmn1GfgnGKrhREUCsMRaRWAnS5Q49 | Balance: 100.000000 XRP
[2025-11-03T16:15:12.442535+00:00] AI strategy heartbeat at 2025-11-03T16:15:12.032937+00:00 for wallet rpHLgNmn1GfgnGKrhREUCsMRaRWAnS5Q49 | Balance: 100.000000 XRP
[2025-11-03T16:15:22.791028+00:00] AI strategy heartbeat at 2025-11-03T16:15:22.443808+00:00 for wallet rpHLgNmn1GfgnGKrhREUCsMRaRWAnS5Q49 | Balance: 100.000000 XRP
[2025-11-03T16:15:33.162884+00:00] AI strategy heartbeat at 2025-11-03T16:15:32.792255+00:00 for wallet rpHLgNmn1GfgnGKrhREUCsMRaRWAnS5Q49 | Balance: 100.000000 XRP
[2025-11-03T16:15:43.946907+00:00] AI strategy heartbeat at 2025-11-03T16:15:43.165625+00:00 for wallet rpHLgNmn1GfgnGKrhREUCsMRaRWAnS5Q49 | Balance: 100.000000 XRP
[2025-11-03T16:15:54.376083+00:00] AI strategy heartbeat at 2025-11-03T16:15:53.948881+00:00 for wallet rpHLgNmn1GfgnGKrhREUCsMRaRWAnS5Q49 | Balance: 100.000000 XRP
[2025-11-03T16:16:04.705470+00:00] AI strategy heartbeat at 2025-11-03T16:16:04.377374+00:00 for wallet rpHLgNmn1GfgnGKrhREUCsMRaRWAnS5Q49 | Balance: 100.000000 XRP
[2025-11-03T16:16:15.413143+00:00] AI strategy heartbeat at 2025-11-03T16:16:14.708233+00:00 for wallet rpHLgNmn1GfgnGKrhREUCsMRaRWAnS5Q49 | Balance: 100.000000 XRP
[2025-11-03T16:16:25.727442+00:00] AI strategy heartbeat at 2025-11-03T16:16:25.414161+00:00 for wallet rpHLgNmn1GfgnGKrhREUCsMRaRWAnS5Q49 | Balance: 100.000000 XRP
[2025-11-03T16:16:36.174918+00:00] AI strategy heartbeat at 2025-11-03T16:16:35.730543+00:00 for wallet rpHLgNmn1GfgnGKrhREUCsMRaRWAnS5Q49 | Balance: 100.000000 XRP
[2025-11-03T16:16:47.025618+00:00] AI strategy heartbeat at 2025-11-03T16:16:46.176479+00:00 for wallet rpHLgNmn1GfgnGKrhREUCsMRaRWAnS5Q49 | Balance: 100.000000 XRP
[2025-11-03T16:16:57.477445+00:00] AI strategy heartbeat at 2025-11-03T16:16:57.028098+00:00 for wallet rpHLgNmn1GfgnGKrhREUCsMRaRWAnS5Q49 | Balance: 100.000000 XRP
[2025-11-03T16:17:07.912770+00:00] AI strategy heartbeat at 2025-11-03T16:17:07.479012+00:00 for wallet rpHLgNmn1GfgnGKrhREUCsMRaRWAnS5Q49 | Balance: 100.000000 XRP
[2025-11-03T16:17:18.682699+00:00] AI strategy heartbeat at 2025-11-03T16:17:17.915672+00:00 for wallet rpHLgNmn1GfgnGKrhREUCsMRaRWAnS5Q49 | Balance: 100.000000 XRP
[2025-11-03T16:17:29.044538+00:00] AI strategy heartbeat at 2025-11-03T16:17:28.685125+00:00 for wallet rpHLgNmn1GfgnGKrhREUCsMRaRWAnS5Q49 | Balance: 100.000000 XRP
[2025-11-03T16:17:39.556065+00:00] AI strategy heartbeat at 2025-11-03T16:17:39.045614+00:00 for wallet rpHLgNmn1GfgnGKrhREUCsMRaRWAnS5Q49 | Balance: 100.000000 XRP
[2025-11-03T16:17:50.239483+00:00] AI strategy heartbeat at 2025-11-03T16:17:49.557128+00:00 for wallet rpHLgNmn1GfgnGKrhREUCsMRaRWAnS5Q49 | Balance: 100.000000 XRP
[2025-11-03T16:18:00.591412+00:00] AI strategy heartbeat at 2025-11-03T16:18:00.244326+00:00 for wallet rpHLgNmn1GfgnGKrhREUCsMRaRWAnS5Q49 | Balance: 100.000000 XRP
[2025-11-03T16:18:10.963124+00:00] AI strategy heartbeat at 2025-11-03T16:18:10.594195+00:00 for wallet rpHLgNmn1GfgnGKrhREUCsMRaRWAnS5Q49 | Balance: 100.000000 XRP
[2025-11-03T16:18:21.351733+00:00] AI strategy heartbeat at 2025-11-03T16:18:20.964142+00:00 for wallet rpHLgNmn1GfgnGKrhREUCsMRaRWAnS5Q49 | Balance: 100.000000 XRP
[2025-11-03T16:18:31.889251+00:00] AI strategy heartbeat at 2025-11-03T16:18:31.353302+00:00 for wallet rpHLgNmn1GfgnGKrhREUCsMRaRWAnS5Q49 | Balance: 100.000000 XRP
[2025-11-03T16:18:42.252417+00:00] AI strategy heartbeat at 2025-11-03T16:18:41.893133+00:00 for wallet rpHLgNmn1GfgnGKrhREUCsMRaRWAnS5Q49 | Balance: 100.000000 XRP
[2025-11-03T16:18:53.074705+00:00] AI strategy heartbeat at 2025-11-03T16:18:52.254276+00:00 for wallet rpHLgNmn1GfgnGKrhREUCsMRaRWAnS5Q49 | Balance: 100.000000 XRP
[2025-11-03T16:19:03.393700+00:00] AI strategy heartbeat at 2025-11-03T16:19:03.076657+00:00 for wallet rpHLgNmn1GfgnGKrhREUCsMRaRWAnS5Q49 | Balance: 100.000000 XRP
[2025-11-03T16:19:13.737414+00:00] AI strategy heartbeat at 2025-11-03T16:19:13.395926+00:00 for wallet rpHLgNmn1GfgnGKrhREUCsMRaRWAnS5Q49 | Balance: 100.000000 XRP
[2025-11-03T16:19:24.372233+00:00] AI strategy heartbeat at 2025-11-03T16:19:23.738369+00:00 for wallet rpHLgNmn1GfgnGKrhREUCsMRaRWAnS5Q49 | Balance: 100.000000 XRP
[2025-11-03T16:19:34.715490+00:00] AI strategy heartbeat at 2025-11-03T16:19:34.375190+00:00 for wallet rpHLgNmn1GfgnGKrhREUCsMRaRWAnS5Q49 | Balance: 100.000000 XRP
[2025-11-03T16:19:45.132756+00:00] AI strategy heartbeat at 2025-11-03T16:19:44.717357+00:00 for wallet rpHLgNmn1GfgnGKrhREUCsMRaRWAnS5Q49 | Balance: 100.000000 XRP
[2025-11-03T16:19:55.917161+00:00] AI strategy heartbeat at 2025-11-03T16:19:55.133644+00:00 for wallet rpHLgNmn1GfgnGKrhREUCsMRaRWAnS5Q49 | Balance: 100.000000 XRP
[2025-11-03T16:20:06.225827+00:00] AI strategy heartbeat at 2025-11-03T16:20:05.918749+00:00 for wallet rpHLgNmn1GfgnGKrhREUCsMRaRWAnS5Q49 | Balance: 100.000000 XRP
[2025-11-03T16:20:16.553924+00:00] AI strategy heartbeat at 2025-11-03T16:20:16.226818+00:00 for wallet rpHLgNmn1GfgnGKrhREUCsMRaRWAnS5Q49 | Balance: 100.000000 XRP
[2025-11-03T16:20:27.250810+00:00] AI strategy heartbeat at 2025-11-03T16:20:26.556820+00:00 for wallet rpHLgNmn1GfgnGKrhREUCsMRaRWAnS5Q49 | Balance: 100.000000 XRP
[2025-11-03T16:20:37.624667+00:00] AI strategy heartbeat at 2025-11-03T16:20:37.252348+00:00 for wallet rpHLgNmn1GfgnGKrhREUCsMRaRWAnS5Q49 | Balance: 100.000000 XRP
[2025-11-03T16:20:47.943183+00:00] AI strategy heartbeat at 2025-11-03T16:20:47.625334+00:00 for wallet rpHLgNmn1GfgnGKrhREUCsMRaRWAnS5Q49 | Balance: 100.000000 XRP
[2025-11-03T16:20:58.744693+00:00] AI strategy heartbeat at 2025-11-03T16:20:57.946287+00:00 for wallet rpHLgNmn1GfgnGKrhREUCsMRaRWAnS5Q49 | Balance: 100.000000 XRP
[2025-11-03T16:21:09.134262+00:00] AI strategy heartbeat at 2025-11-03T16:21:08.746129+00:00 for wallet rpHLgNmn1GfgnGKrhREUCsMRaRWAnS5Q49 | Balance: 100.000000 XRP
[2025-11-03T16:21:19.473903+00:00] AI strategy heartbeat at 2025-11-03T16:21:19.135774+00:00 for wallet rpHLgNmn1GfgnGKrhREUCsMRaRWAnS5Q49 | Balance: 100.000000 XRP
[2025-11-03T16:21:29.923635+00:00] AI strategy heartbeat at 2025-11-03T16:21:29.475235+00:00 for wallet rpHLgNmn1GfgnGKrhREUCsMRaRWAnS5Q49 | Balance: 100.000000 XRP
[2025-11-03T16:21:40.320556+00:00] AI strategy heartbeat at 2025-11-03T16:21:39.925410+00:00 for wallet rpHLgNmn1GfgnGKrhREUCsMRaRWAnS5Q49 | Balance: 100.000000 XRP
[2025-11-03T16:21:50.715250+00:00] AI strategy heartbeat at 2025-11-03T16:21:50.321901+00:00 for wallet rpHLgNmn1GfgnGKrhREUCsMRaRWAnS5Q49 | Balance: 100.000000 XRP
[2025-11-03T16:22:01.253215+00:00] AI strategy heartbeat at 2025-11-03T16:22:00.717918+00:00 for wallet rpHLgNmn1GfgnGKrhREUCsMRaRWAnS5Q49 | Balance: 100.000000 XRP
[2025-11-03T16:22:11.700581+00:00] AI strategy heartbeat at 2025-11-03T16:22:11.254955+00:00 for wallet rpHLgNmn1GfgnGKrhREUCsMRaRWAnS5Q49 | Balance: 100.000000 XRP
[2025-11-03T16:22:22.046259+00:00] AI strategy heartbeat at 2025-11-03T16:22:21.705023+00:00 for wallet rpHLgNmn1GfgnGKrhREUCsMRaRWAnS5Q49 | Balance: 100.000000 XRP
[2025-11-03T16:22:32.839260+00:00] AI strategy heartbeat at 2025-11-03T16:22:32.048644+00:00 for wallet rpHLgNmn1GfgnGKrhREUCsMRaRWAnS5Q49 | Balance: 100.000000 XRP
[2025-11-03T16:22:43.217370+00:00] AI strategy heartbeat at 2025-11-03T16:22:42.841148+00:00 for wallet rpHLgNmn1GfgnGKrhREUCsMRaRWAnS5Q49 | Balance: 100.000000 XRP
[2025-11-03T16:22:53.682669+00:00] AI strategy heartbeat at 2025-11-03T16:22:53.218604+00:00 for wallet rpHLgNmn1GfgnGKrhREUCsMRaRWAnS5Q49 | Balance: 100.000000 XRP
[2025-11-03T16:23:04.238259+00:00] AI strategy heartbeat at 2025-11-03T16:23:03.684634+00:00 for wallet rpHLgNmn1GfgnGKrhREUCsMRaRWAnS5Q49 | Balance: 100.000000 XRP
[2025-11-03T16:23:14.560290+00:00] AI strategy heartbeat at 2025-11-03T16:23:14.239442+00:00 for wallet rpHLgNmn1GfgnGKrhREUCsMRaRWAnS5Q49 | Balance: 100.000000 XRP
[2025-11-03T16:23:25.009105+00:00] AI strategy heartbeat at 2025-11-03T16:23:24.562239+00:00 for wallet rpHLgNmn1GfgnGKrhREUCsMRaRWAnS5Q49 | Balance: 100.000000 XRP
[2025-11-03T16:23:38.645603+00:00] AI strategy heartbeat at 2025-11-03T16:23:35.013376+00:00 for wallet rpHLgNmn1GfgnGKrhREUCsMRaRWAnS5Q49 | Balance: 100.000000 XRP
[2025-11-03T16:23:49.017738+00:00] AI strategy heartbeat at 2025-11-03T16:23:48.646952+00:00 for wallet rpHLgNmn1GfgnGKrhREUCsMRaRWAnS5Q49 | Balance: 100.000000 XRP
[2025-11-03T16:23:59.415922+00:00] AI strategy heartbeat at 2025-11-03T16:23:59.020932+00:00 for wallet rpHLgNmn1GfgnGKrhREUCsMRaRWAnS5Q49 | Balance: 100.000000 XRP
[2025-11-03T16:24:10.208581+00:00] AI strategy heartbeat at 2025-11-03T16:24:09.417627+00:00 for wallet rpHLgNmn1GfgnGKrhREUCsMRaRWAnS5Q49 | Balance: 100.000000 XRP
[2025-11-03T16:24:20.543852+00:00] AI strategy heartbeat at 2025-11-03T16:24:20.209375+00:00 for wallet rpHLgNmn1GfgnGKrhREUCsMRaRWAnS5Q49 | Balance: 100.000000 XRP
[2025-11-03T16:24:30.893346+00:00] AI strategy heartbeat at 2025-11-03T16:24:30.545814+00:00 for wallet rpHLgNmn1GfgnGKrhREUCsMRaRWAnS5Q49 | Balance: 100.000000 XRP
[2025-11-03T16:24:41.411483+00:00] AI strategy heartbeat at 2025-11-03T16:24:40.894693+00:00 for wallet rpHLgNmn1GfgnGKrhREUCsMRaRWAnS5Q49 | Balance: 100.000000 XRP
[2025-11-03T16:24:51.793807+00:00] AI strategy heartbeat at 2025-11-03T16:24:51.414732+00:00 for wallet rpHLgNmn1GfgnGKrhREUCsMRaRWAnS5Q49 | Balance: 100.000000 XRP
[2025-11-03T16:25:02.226209+00:00] AI strategy heartbeat at 2025-11-03T16:25:01.796155+00:00 for wallet rpHLgNmn1GfgnGKrhREUCsMRaRWAnS5Q49 | Balance: 100.000000 XRP
[2025-11-03T16:25:13.079992+00:00] AI strategy heartbeat at 2025-11-03T16:25:12.228304+00:00 for wallet rpHLgNmn1GfgnGKrhREUCsMRaRWAnS5Q49 | Balance: 100.000000 XRP
[2025-11-03T16:25:23.495907+00:00] AI strategy heartbeat at 2025-11-03T16:25:23.081743+00:00 for wallet rpHLgNmn1GfgnGKrhREUCsMRaRWAnS5Q49 | Balance: 100.000000 XRP
[2025-11-03T16:25:33.840080+00:00] AI strategy heartbeat at 2025-11-03T16:25:33.498273+00:00 for wallet rpHLgNmn1GfgnGKrhREUCsMRaRWAnS5Q49 | Balance: 100.000000 XRP
[2025-11-03T16:25:44.675006+00:00] AI strategy heartbeat at 2025-11-03T16:25:43.841747+00:00 for wallet rpHLgNmn1GfgnGKrhREUCsMRaRWAnS5Q49 | Balance: 100.000000 XRP
[2025-11-03T16:25:55.008665+00:00] AI strategy heartbeat at 2025-11-03T16:25:54.676399+00:00 for wallet rpHLgNmn1GfgnGKrhREUCsMRaRWAnS5Q49 | Balance: 100.000000 XRP
[2025-11-03T16:26:05.364881+00:00] AI strategy heartbeat at 2025-11-03T16:26:05.009945+00:00 for wallet rpHLgNmn1GfgnGKrhREUCsMRaRWAnS5Q49 | Balance: 100.000000 XRP
[2025-11-03T16:26:15.834577+00:00] AI strategy heartbeat at 2025-11-03T16:26:15.367373+00:00 for wallet rpHLgNmn1GfgnGKrhREUCsMRaRWAnS5Q49 | Balance: 100.000000 XRP
[2025-11-03T16:26:26.251331+00:00] AI strategy heartbeat at 2025-11-03T16:26:25.838995+00:00 for wallet rpHLgNmn1GfgnGKrhREUCsMRaRWAnS5Q49 | Balance: 100.000000 XRP
[2025-11-03T16:26:36.588626+00:00] AI strategy heartbeat at 2025-11-03T16:26:36.251915+00:00 for wallet rpHLgNmn1GfgnGKrhREUCsMRaRWAnS5Q49 | Balance: 100.000000 XRP
[2025-11-03T16:26:47.084163+00:00] AI strategy heartbeat at 2025-11-03T16:26:46.589751+00:00 for wallet rpHLgNmn1GfgnGKrhREUCsMRaRWAnS5Q49 | Balance: 100.000000 XRP
[2025-11-03T16:26:57.529990+00:00] AI strategy heartbeat at 2025-11-03T16:26:57.084986+00:00 for wallet rpHLgNmn1GfgnGKrhREUCsMRaRWAnS5Q49 | Balance: 100.000000 XRP
[2025-11-03T16:27:07.989631+00:00] AI strategy heartbeat at 2025-11-03T16:27:07.532525+00:00 for wallet rpHLgNmn1GfgnGKrhREUCsMRaRWAnS5Q49 | Balance: 100.000000 XRP
[2025-11-03T16:27:18.624986+00:00] AI strategy heartbeat at 2025-11-03T16:27:17.990415+00:00 for wallet rpHLgNmn1GfgnGKrhREUCsMRaRWAnS5Q49 | Balance: 100.000000 XRP
